<?xml version="1.0" encoding="UTF-8"?>
<robot generator="Robot 5.0.1 (Python 3.10.4 on linux)" generated="20220802 11:00:16.674" rpa="false" schemaversion="3">
<suite id="s1" name="Tests" source="/home/neybackes/Documentos/Robotron_NeyBackes_ProjetoFInal (area_teste)/tests">
<suite id="s1-s1" name="Carrinhos Test" source="/home/neybackes/Documentos/Robotron_NeyBackes_ProjetoFInal (area_teste)/tests/carrinhos_test.robot">
<kw name="Criar Sessao" library="common" type="SETUP">
<kw name="Create Session" library="RequestsLibrary">
<arg>serverest</arg>
<arg>${base_uri}</arg>
<doc>Create Session: create a HTTP session to a server</doc>
<msg timestamp="20220802 11:00:17.141" level="INFO">Creating Session using : alias=serverest, url=http://localhost:3000, headers={},                     cookies={}, auth=None, timeout=None, proxies=None, verify=False,                     debug=0 </msg>
<status status="PASS" starttime="20220802 11:00:17.141" endtime="20220802 11:00:17.142"/>
</kw>
<status status="PASS" starttime="20220802 11:00:17.140" endtime="20220802 11:00:17.142"/>
</kw>
<test id="s1-s1-t1" name="Cenario: POST Carrinho 201" line="17">
<kw name="Iniciar cores de resposta" library="common">
<kw name="Evaluate" library="BuiltIn">
<var>${red}</var>
<arg>${RED}</arg>
<doc>Evaluates the given expression in Python and returns the result.</doc>
<msg timestamp="20220802 11:00:17.144" level="INFO">${red} = [31m</msg>
<status status="PASS" starttime="20220802 11:00:17.143" endtime="20220802 11:00:17.144"/>
</kw>
<kw name="Set Test Variable" library="BuiltIn">
<arg>${red}</arg>
<doc>Makes a variable available everywhere within the scope of the current test.</doc>
<msg timestamp="20220802 11:00:17.144" level="INFO">${red} = [31m</msg>
<status status="PASS" starttime="20220802 11:00:17.144" endtime="20220802 11:00:17.144"/>
</kw>
<kw name="Evaluate" library="BuiltIn">
<var>${yellow}</var>
<arg>${YELLOW}</arg>
<doc>Evaluates the given expression in Python and returns the result.</doc>
<msg timestamp="20220802 11:00:17.145" level="INFO">${yellow} = [33m</msg>
<status status="PASS" starttime="20220802 11:00:17.144" endtime="20220802 11:00:17.145"/>
</kw>
<kw name="Set Test Variable" library="BuiltIn">
<arg>${yellow}</arg>
<doc>Makes a variable available everywhere within the scope of the current test.</doc>
<msg timestamp="20220802 11:00:17.145" level="INFO">${yellow} = [33m</msg>
<status status="PASS" starttime="20220802 11:00:17.145" endtime="20220802 11:00:17.145"/>
</kw>
<kw name="Evaluate" library="BuiltIn">
<var>${green}</var>
<arg>${GREEN}</arg>
<doc>Evaluates the given expression in Python and returns the result.</doc>
<msg timestamp="20220802 11:00:17.146" level="INFO">${green} = [32m</msg>
<status status="PASS" starttime="20220802 11:00:17.145" endtime="20220802 11:00:17.146"/>
</kw>
<kw name="Set Test Variable" library="BuiltIn">
<arg>${green}</arg>
<doc>Makes a variable available everywhere within the scope of the current test.</doc>
<msg timestamp="20220802 11:00:17.146" level="INFO">${green} = [32m</msg>
<status status="PASS" starttime="20220802 11:00:17.146" endtime="20220802 11:00:17.146"/>
</kw>
<status status="PASS" starttime="20220802 11:00:17.143" endtime="20220802 11:00:17.146"/>
</kw>
<kw name="POST Login Valido Usando FUNCAO" library="login_keywords">
<kw name="Login Padrao" library="library_python">
<var>${json}</var>
<msg timestamp="20220802 11:00:17.155" level="INFO">${json} = {'email': 'fulano@qa.com.br', 'password': 'teste'}</msg>
<status status="PASS" starttime="20220802 11:00:17.147" endtime="20220802 11:00:17.155"/>
</kw>
<kw name="Set Variable" library="BuiltIn">
<var>${payload}</var>
<arg>${json}</arg>
<doc>Returns the given values which can then be assigned to a variables.</doc>
<msg timestamp="20220802 11:00:17.155" level="INFO">${payload} = {'email': 'fulano@qa.com.br', 'password': 'teste'}</msg>
<status status="PASS" starttime="20220802 11:00:17.155" endtime="20220802 11:00:17.155"/>
</kw>
<kw name="Set Global Variable" library="BuiltIn">
<arg>${payload}</arg>
<doc>Makes a variable available globally in all tests and suites.</doc>
<msg timestamp="20220802 11:00:17.156" level="INFO">${payload} = {'email': 'fulano@qa.com.br', 'password': 'teste'}</msg>
<status status="PASS" starttime="20220802 11:00:17.156" endtime="20220802 11:00:17.156"/>
</kw>
<kw name="POST Endpoint /login" library="login_keywords">
<kw name="POST On Session" library="RequestsLibrary">
<var>${response}</var>
<arg>serverest</arg>
<arg>/login</arg>
<arg>json=&amp;{payload}</arg>
<arg>expected_status=anything</arg>
<doc>Sends a POST request on a previously created HTTP Session.</doc>
<msg timestamp="20220802 11:00:17.164" level="INFO">POST Request : url=http://localhost:3000/login 
 path_url=/login 
 headers={'User-Agent': 'python-requests/2.28.1', 'Accept-Encoding': 'gzip, deflate', 'Accept': '*/*', 'Connection': 'keep-alive', 'Content-Length': '50', 'Content-Type': 'application/json'} 
 body=b'{"email": "fulano@qa.com.br", "password": "teste"}' 
 </msg>
<msg timestamp="20220802 11:00:17.164" level="INFO">POST Response : url=http://localhost:3000/login 
 status=200, reason=OK 
 headers={'Access-Control-Allow-Origin': '*', 'x-dns-prefetch-control': 'off', 'x-frame-options': 'SAMEORIGIN', 'strict-transport-security': 'max-age=15552000; includeSubDomains', 'x-download-options': 'noopen', 'x-content-type-options': 'nosniff', 'x-xss-protection': '1; mode=block', 'x-moesif-transaction-id': 'ee1e131f-f312-4db0-a3c2-d2cea207e870', 'Content-Type': 'application/json; charset=utf-8', 'Content-Length': '269', 'Date': 'Tue, 02 Aug 2022 14:00:17 GMT', 'Connection': 'keep-alive', 'Keep-Alive': 'timeout=5'} 
 body={
    "message": "Login realizado com sucesso",
    "authorization": "Bearer eyJhbGciOiJIUzI1NiIsInR5cCI6IkpXVCJ9.eyJlbWFpbCI6ImZ1bGFub0BxYS5jb20uYnIiLCJwYXNzd29yZCI6InRlc3RlIiwiaWF0IjoxNjU5NDQ4ODE3LCJleHAiOjE2NTk0NDk0MTd9.eu9cX8QT4mJgAhyoZj4gnd_a_nAB0wOzt3JjvObGjyo"
} 
 </msg>
<msg timestamp="20220802 11:00:17.164" level="INFO">${response} = &lt;Response [200]&gt;</msg>
<status status="PASS" starttime="20220802 11:00:17.157" endtime="20220802 11:00:17.164"/>
</kw>
<if>
<branch type="IF" condition="${response.status_code} == 200">
<kw name="Set Variable" library="BuiltIn">
<var>${token_auth}</var>
<arg>${response.json()["authorization"]}</arg>
<doc>Returns the given values which can then be assigned to a variables.</doc>
<msg timestamp="20220802 11:00:17.166" level="INFO">${token_auth} = Bearer eyJhbGciOiJIUzI1NiIsInR5cCI6IkpXVCJ9.eyJlbWFpbCI6ImZ1bGFub0BxYS5jb20uYnIiLCJwYXNzd29yZCI6InRlc3RlIiwiaWF0IjoxNjU5NDQ4ODE3LCJleHAiOjE2NTk0NDk0MTd9.eu9cX8QT4mJgAhyoZj4gnd_a_nAB0wOzt3JjvObGjyo</msg>
<status status="PASS" starttime="20220802 11:00:17.165" endtime="20220802 11:00:17.166"/>
</kw>
<kw name="Set Global Variable" library="BuiltIn">
<arg>${token_auth}</arg>
<doc>Makes a variable available globally in all tests and suites.</doc>
<msg timestamp="20220802 11:00:17.167" level="INFO">${token_auth} = Bearer eyJhbGciOiJIUzI1NiIsInR5cCI6IkpXVCJ9.eyJlbWFpbCI6ImZ1bGFub0BxYS5jb20uYnIiLCJwYXNzd29yZCI6InRlc3RlIiwiaWF0IjoxNjU5NDQ4ODE3LCJleHAiOjE2NTk0NDk0MTd9.eu9cX8QT4mJgAhyoZj4gnd_a_nAB0wOzt3JjvObGjyo</msg>
<status status="PASS" starttime="20220802 11:00:17.167" endtime="20220802 11:00:17.167"/>
</kw>
<status status="PASS" starttime="20220802 11:00:17.165" endtime="20220802 11:00:17.167"/>
</branch>
<status status="PASS" starttime="20220802 11:00:17.165" endtime="20220802 11:00:17.167"/>
</if>
<kw name="Set Global Variable" library="BuiltIn">
<arg>${response}</arg>
<doc>Makes a variable available globally in all tests and suites.</doc>
<msg timestamp="20220802 11:00:17.168" level="INFO">${response} = &lt;Response [200]&gt;</msg>
<status status="PASS" starttime="20220802 11:00:17.168" endtime="20220802 11:00:17.168"/>
</kw>
<status status="PASS" starttime="20220802 11:00:17.157" endtime="20220802 11:00:17.168"/>
</kw>
<status status="PASS" starttime="20220802 11:00:17.146" endtime="20220802 11:00:17.168"/>
</kw>
<kw name="POST Cadastro Carrinho Estatico Valido" library="carrinhos_keywords">
<kw name="Importar Json Estatico" library="common">
<var>${json}</var>
<arg>massa_carrinho.json</arg>
<kw name="Get File" library="OperatingSystem">
<var>${arquivo}</var>
<arg>${EXECDIR}/support/fixtures/estatic/${nome_arquivo}</arg>
<doc>Returns the contents of a specified file.</doc>
<msg timestamp="20220802 11:00:17.170" level="INFO" html="true">Getting file '&lt;a href="file:///home/neybackes/Documentos/Robotron_NeyBackes_ProjetoFInal (area_teste)/support/fixtures/estatic/massa_carrinho.json"&gt;/home/neybackes/Documentos/Robotron_NeyBackes_ProjetoFInal (area_teste)/support/fixtures/estatic/massa_carrinho.json&lt;/a&gt;'.</msg>
<msg timestamp="20220802 11:00:17.170" level="INFO">${arquivo} = {"carrinhos_valido": {

    "produtos": [
        {
            "idProduto": "BeeJh5lz3k6kSIzA",
            "quantidade": 2
            
        }
    ]

},
"carrinhos_produto_repetido": {

    "prod...</msg>
<status status="PASS" starttime="20220802 11:00:17.170" endtime="20220802 11:00:17.170"/>
</kw>
<kw name="Evaluate" library="BuiltIn">
<var>${data}</var>
<arg>json.loads('''${arquivo}''')</arg>
<arg>json</arg>
<doc>Evaluates the given expression in Python and returns the result.</doc>
<msg timestamp="20220802 11:00:17.171" level="INFO">${data} = {'carrinhos_valido': {'produtos': [{'idProduto': 'BeeJh5lz3k6kSIzA', 'quantidade': 2}]}, 'carrinhos_produto_repetido': {'produtos': [{'idProduto': 'BeeJh5lz3k6kSIzA', 'quantidade': 2}, {'idProduto': '...</msg>
<status status="PASS" starttime="20220802 11:00:17.171" endtime="20220802 11:00:17.171"/>
</kw>
<msg timestamp="20220802 11:00:17.171" level="INFO">${json} = {'carrinhos_valido': {'produtos': [{'idProduto': 'BeeJh5lz3k6kSIzA', 'quantidade': 2}]}, 'carrinhos_produto_repetido': {'produtos': [{'idProduto': 'BeeJh5lz3k6kSIzA', 'quantidade': 2}, {'idProduto': '...</msg>
<status status="PASS" starttime="20220802 11:00:17.169" endtime="20220802 11:00:17.172"/>
</kw>
<kw name="Set Variable" library="BuiltIn">
<var>${payload}</var>
<arg>${json["carrinhos_valido"]}</arg>
<doc>Returns the given values which can then be assigned to a variables.</doc>
<msg timestamp="20220802 11:00:17.173" level="INFO">${payload} = {'produtos': [{'idProduto': 'BeeJh5lz3k6kSIzA', 'quantidade': 2}]}</msg>
<status status="PASS" starttime="20220802 11:00:17.172" endtime="20220802 11:00:17.173"/>
</kw>
<kw name="Set Global Variable" library="BuiltIn">
<arg>${payload}</arg>
<doc>Makes a variable available globally in all tests and suites.</doc>
<msg timestamp="20220802 11:00:17.174" level="INFO">${payload} = {'produtos': [{'idProduto': 'BeeJh5lz3k6kSIzA', 'quantidade': 2}]}</msg>
<status status="PASS" starttime="20220802 11:00:17.173" endtime="20220802 11:00:17.174"/>
</kw>
<kw name="POST Endpoint Carrinho" library="carrinhos_keywords">
<kw name="Create Dictionary" library="BuiltIn">
<var>${header}</var>
<arg>Authorization=${token_auth}</arg>
<doc>Creates and returns a dictionary based on the given ``items``.</doc>
<msg timestamp="20220802 11:00:17.176" level="INFO">${header} = {'Authorization': 'Bearer eyJhbGciOiJIUzI1NiIsInR5cCI6IkpXVCJ9.eyJlbWFpbCI6ImZ1bGFub0BxYS5jb20uYnIiLCJwYXNzd29yZCI6InRlc3RlIiwiaWF0IjoxNjU5NDQ4ODE3LCJleHAiOjE2NTk0NDk0MTd9.eu9cX8QT4mJgAhyoZj4gnd_a_nAB...</msg>
<status status="PASS" starttime="20220802 11:00:17.175" endtime="20220802 11:00:17.176"/>
</kw>
<kw name="POST On Session" library="RequestsLibrary">
<var>${response}</var>
<arg>serverest</arg>
<arg>/carrinhos</arg>
<arg>json=${payload}</arg>
<arg>headers=${header}</arg>
<arg>expected_status=anything</arg>
<doc>Sends a POST request on a previously created HTTP Session.</doc>
<msg timestamp="20220802 11:00:17.185" level="INFO">POST Request : url=http://localhost:3000/carrinhos 
 path_url=/carrinhos 
 headers={'User-Agent': 'python-requests/2.28.1', 'Accept-Encoding': 'gzip, deflate', 'Accept': '*/*', 'Connection': 'keep-alive', 'Authorization': 'Bearer eyJhbGciOiJIUzI1NiIsInR5cCI6IkpXVCJ9.eyJlbWFpbCI6ImZ1bGFub0BxYS5jb20uYnIiLCJwYXNzd29yZCI6InRlc3RlIiwiaWF0IjoxNjU5NDQ4ODE3LCJleHAiOjE2NTk0NDk0MTd9.eu9cX8QT4mJgAhyoZj4gnd_a_nAB0wOzt3JjvObGjyo', 'Content-Length': '66', 'Content-Type': 'application/json'} 
 body=b'{"produtos": [{"idProduto": "BeeJh5lz3k6kSIzA", "quantidade": 2}]}' 
 </msg>
<msg timestamp="20220802 11:00:17.185" level="INFO">POST Response : url=http://localhost:3000/carrinhos 
 status=201, reason=Created 
 headers={'Access-Control-Allow-Origin': '*', 'x-dns-prefetch-control': 'off', 'x-frame-options': 'SAMEORIGIN', 'strict-transport-security': 'max-age=15552000; includeSubDomains', 'x-download-options': 'noopen', 'x-content-type-options': 'nosniff', 'x-xss-protection': '1; mode=block', 'x-moesif-transaction-id': '82f5b549-58b3-4b57-a3da-dcd900caf648', 'Content-Type': 'application/json; charset=utf-8', 'Content-Length': '82', 'Date': 'Tue, 02 Aug 2022 14:00:17 GMT', 'Connection': 'keep-alive', 'Keep-Alive': 'timeout=5'} 
 body={
    "message": "Cadastro realizado com sucesso",
    "_id": "YvIupLhqpz81NftN"
} 
 </msg>
<msg timestamp="20220802 11:00:17.186" level="INFO">${response} = &lt;Response [201]&gt;</msg>
<status status="PASS" starttime="20220802 11:00:17.176" endtime="20220802 11:00:17.186"/>
</kw>
<kw name="Set Global Variable" library="BuiltIn">
<arg>${response}</arg>
<doc>Makes a variable available globally in all tests and suites.</doc>
<msg timestamp="20220802 11:00:17.186" level="INFO">${response} = &lt;Response [201]&gt;</msg>
<status status="PASS" starttime="20220802 11:00:17.186" endtime="20220802 11:00:17.186"/>
</kw>
<if>
<branch type="IF" condition="${response.status_code} == 201">
<kw name="Set Variable" library="BuiltIn">
<var>${carrinho_id}</var>
<arg>${response.json()["_id"]}</arg>
<doc>Returns the given values which can then be assigned to a variables.</doc>
<msg timestamp="20220802 11:00:17.188" level="INFO">${carrinho_id} = YvIupLhqpz81NftN</msg>
<status status="PASS" starttime="20220802 11:00:17.187" endtime="20220802 11:00:17.188"/>
</kw>
<kw name="Set Global Variable" library="BuiltIn">
<arg>${carrinho_id}</arg>
<doc>Makes a variable available globally in all tests and suites.</doc>
<msg timestamp="20220802 11:00:17.188" level="INFO">${carrinho_id} = YvIupLhqpz81NftN</msg>
<status status="PASS" starttime="20220802 11:00:17.188" endtime="20220802 11:00:17.188"/>
</kw>
<status status="PASS" starttime="20220802 11:00:17.187" endtime="20220802 11:00:17.188"/>
</branch>
<status status="PASS" starttime="20220802 11:00:17.186" endtime="20220802 11:00:17.188"/>
</if>
<status status="PASS" starttime="20220802 11:00:17.174" endtime="20220802 11:00:17.189"/>
</kw>
<status status="PASS" starttime="20220802 11:00:17.169" endtime="20220802 11:00:17.189"/>
</kw>
<kw name="Imprimir Carrinho Response.Content" library="carrinhos_keywords">
<if>
<branch type="IF" condition="${response.status_code} == 200 or ${response.status_code} == 201">
<kw name="Log To Console" library="BuiltIn">
<arg>${yellow}Resposta para Cadastro de Carrino:${yellow} ${green}${response.content}${green}</arg>
<doc>Logs the given message to the console.</doc>
<status status="PASS" starttime="20220802 11:00:17.190" endtime="20220802 11:00:17.191"/>
</kw>
<status status="PASS" starttime="20220802 11:00:17.190" endtime="20220802 11:00:17.191"/>
</branch>
<branch type="ELSE">
<kw name="Log To Console" library="BuiltIn">
<arg>${yellow}Resposta para Cadastro de Carrinho:${yellow} ${red}${response.content}${red}</arg>
<doc>Logs the given message to the console.</doc>
<status status="NOT RUN" starttime="20220802 11:00:17.191" endtime="20220802 11:00:17.191"/>
</kw>
<status status="NOT RUN" starttime="20220802 11:00:17.191" endtime="20220802 11:00:17.191"/>
</branch>
<status status="PASS" starttime="20220802 11:00:17.189" endtime="20220802 11:00:17.191"/>
</if>
<status status="PASS" starttime="20220802 11:00:17.189" endtime="20220802 11:00:17.192"/>
</kw>
<kw name="Resposta Carrinho Cadastrado" library="carrinhos_keywords">
<kw name="Should Contain" library="BuiltIn">
<arg>${response.json()["message"]}</arg>
<arg>Cadastro realizado com sucesso</arg>
<doc>Fails if ``container`` does not contain ``item`` one or more times.</doc>
<status status="PASS" starttime="20220802 11:00:17.192" endtime="20220802 11:00:17.193"/>
</kw>
<kw name="Should Not Be Empty" library="BuiltIn">
<arg>${response.json()["_id"]}</arg>
<doc>Verifies that the given item is not empty.</doc>
<msg timestamp="20220802 11:00:17.194" level="INFO">Length is 16</msg>
<status status="PASS" starttime="20220802 11:00:17.193" endtime="20220802 11:00:17.194"/>
</kw>
<status status="PASS" starttime="20220802 11:00:17.192" endtime="20220802 11:00:17.194"/>
</kw>
<kw name="validar Status Code &quot;201&quot;" library="common" sourcename="validar Status Code &quot;${statuscode}&quot;">
<kw name="Should Be True" library="BuiltIn">
<arg>${response.status_code} == ${status_code}</arg>
<doc>Fails if the given condition is not true.</doc>
<status status="PASS" starttime="20220802 11:00:17.194" endtime="20220802 11:00:17.195"/>
</kw>
<if>
<branch type="IF" condition="${response.status_code} == 200 or ${response.status_code} == 201">
<kw name="Log To Console" library="BuiltIn">
<arg>${yellow}Status Code Retornado:${yellow} ${green}${response.status_code}${green}</arg>
<doc>Logs the given message to the console.</doc>
<status status="PASS" starttime="20220802 11:00:17.197" endtime="20220802 11:00:17.198"/>
</kw>
<status status="PASS" starttime="20220802 11:00:17.196" endtime="20220802 11:00:17.198"/>
</branch>
<branch type="ELSE">
<kw name="Log To Console" library="BuiltIn">
<arg>${yellow}Status Code Retornado:${yellow} ${red}${response.status_code}${red}</arg>
<doc>Logs the given message to the console.</doc>
<status status="NOT RUN" starttime="20220802 11:00:17.198" endtime="20220802 11:00:17.198"/>
</kw>
<status status="NOT RUN" starttime="20220802 11:00:17.198" endtime="20220802 11:00:17.198"/>
</branch>
<status status="PASS" starttime="20220802 11:00:17.195" endtime="20220802 11:00:17.198"/>
</if>
<status status="PASS" starttime="20220802 11:00:17.194" endtime="20220802 11:00:17.199"/>
</kw>
<kw name="DELETE Endpoint /carrinhos Cancelar Compra" library="carrinhos_keywords">
<kw name="Create Dictionary" library="BuiltIn">
<var>${header}</var>
<arg>Authorization=${token_auth}</arg>
<doc>Creates and returns a dictionary based on the given ``items``.</doc>
<msg timestamp="20220802 11:00:17.200" level="INFO">${header} = {'Authorization': 'Bearer eyJhbGciOiJIUzI1NiIsInR5cCI6IkpXVCJ9.eyJlbWFpbCI6ImZ1bGFub0BxYS5jb20uYnIiLCJwYXNzd29yZCI6InRlc3RlIiwiaWF0IjoxNjU5NDQ4ODE3LCJleHAiOjE2NTk0NDk0MTd9.eu9cX8QT4mJgAhyoZj4gnd_a_nAB...</msg>
<status status="PASS" starttime="20220802 11:00:17.199" endtime="20220802 11:00:17.200"/>
</kw>
<kw name="DELETE On Session" library="RequestsLibrary">
<var>${response}</var>
<arg>serverest</arg>
<arg>/carrinhos/cancelar-compra</arg>
<arg>headers=${header}</arg>
<arg>expected_status=anything</arg>
<doc>Sends a DELETE request on a previously created HTTP Session.</doc>
<msg timestamp="20220802 11:00:17.209" level="INFO">DELETE Request : url=http://localhost:3000/carrinhos/cancelar-compra 
 path_url=/carrinhos/cancelar-compra 
 headers={'User-Agent': 'python-requests/2.28.1', 'Accept-Encoding': 'gzip, deflate', 'Accept': '*/*', 'Connection': 'keep-alive', 'Authorization': 'Bearer eyJhbGciOiJIUzI1NiIsInR5cCI6IkpXVCJ9.eyJlbWFpbCI6ImZ1bGFub0BxYS5jb20uYnIiLCJwYXNzd29yZCI6InRlc3RlIiwiaWF0IjoxNjU5NDQ4ODE3LCJleHAiOjE2NTk0NDk0MTd9.eu9cX8QT4mJgAhyoZj4gnd_a_nAB0wOzt3JjvObGjyo', 'Content-Length': '0'} 
 body=None 
 </msg>
<msg timestamp="20220802 11:00:17.210" level="INFO">DELETE Response : url=http://localhost:3000/carrinhos/cancelar-compra 
 status=200, reason=OK 
 headers={'Access-Control-Allow-Origin': '*', 'x-dns-prefetch-control': 'off', 'x-frame-options': 'SAMEORIGIN', 'strict-transport-security': 'max-age=15552000; includeSubDomains', 'x-download-options': 'noopen', 'x-content-type-options': 'nosniff', 'x-xss-protection': '1; mode=block', 'x-moesif-transaction-id': '39b16016-bc79-4812-b65a-4615a2f9a82f', 'Content-Type': 'application/json; charset=utf-8', 'Content-Length': '86', 'Date': 'Tue, 02 Aug 2022 14:00:17 GMT', 'Connection': 'keep-alive', 'Keep-Alive': 'timeout=5'} 
 body={
    "message": "Registro excluído com sucesso. Estoque dos produtos reabastecido"
} 
 </msg>
<msg timestamp="20220802 11:00:17.210" level="INFO">${response} = &lt;Response [200]&gt;</msg>
<status status="PASS" starttime="20220802 11:00:17.200" endtime="20220802 11:00:17.210"/>
</kw>
<kw name="Set Global Variable" library="BuiltIn">
<arg>${response}</arg>
<doc>Makes a variable available globally in all tests and suites.</doc>
<msg timestamp="20220802 11:00:17.210" level="INFO">${response} = &lt;Response [200]&gt;</msg>
<status status="PASS" starttime="20220802 11:00:17.210" endtime="20220802 11:00:17.210"/>
</kw>
<status status="PASS" starttime="20220802 11:00:17.199" endtime="20220802 11:00:17.211"/>
</kw>
<kw name="Imprimir Delete Carrinhos Response.Content" library="carrinhos_keywords">
<kw name="Log To Console" library="BuiltIn">
<arg>${yellow}Resposta para Carrinho Deletado:${yellow} ${red}${response.content}${red}</arg>
<doc>Logs the given message to the console.</doc>
<status status="PASS" starttime="20220802 11:00:17.211" endtime="20220802 11:00:17.212"/>
</kw>
<status status="PASS" starttime="20220802 11:00:17.211" endtime="20220802 11:00:17.212"/>
</kw>
<tag>POST_CARRINHO</tag>
<status status="PASS" starttime="20220802 11:00:17.142" endtime="20220802 11:00:17.212"/>
</test>
<test id="s1-s1-t2" name="Cenario: POST Carrinho Produto Duplicado 400" line="28">
<kw name="Iniciar cores de resposta" library="common">
<kw name="Evaluate" library="BuiltIn">
<var>${red}</var>
<arg>${RED}</arg>
<doc>Evaluates the given expression in Python and returns the result.</doc>
<msg timestamp="20220802 11:00:17.214" level="INFO">${red} = [31m</msg>
<status status="PASS" starttime="20220802 11:00:17.214" endtime="20220802 11:00:17.214"/>
</kw>
<kw name="Set Test Variable" library="BuiltIn">
<arg>${red}</arg>
<doc>Makes a variable available everywhere within the scope of the current test.</doc>
<msg timestamp="20220802 11:00:17.214" level="INFO">${red} = [31m</msg>
<status status="PASS" starttime="20220802 11:00:17.214" endtime="20220802 11:00:17.214"/>
</kw>
<kw name="Evaluate" library="BuiltIn">
<var>${yellow}</var>
<arg>${YELLOW}</arg>
<doc>Evaluates the given expression in Python and returns the result.</doc>
<msg timestamp="20220802 11:00:17.215" level="INFO">${yellow} = [33m</msg>
<status status="PASS" starttime="20220802 11:00:17.215" endtime="20220802 11:00:17.215"/>
</kw>
<kw name="Set Test Variable" library="BuiltIn">
<arg>${yellow}</arg>
<doc>Makes a variable available everywhere within the scope of the current test.</doc>
<msg timestamp="20220802 11:00:17.215" level="INFO">${yellow} = [33m</msg>
<status status="PASS" starttime="20220802 11:00:17.215" endtime="20220802 11:00:17.215"/>
</kw>
<kw name="Evaluate" library="BuiltIn">
<var>${green}</var>
<arg>${GREEN}</arg>
<doc>Evaluates the given expression in Python and returns the result.</doc>
<msg timestamp="20220802 11:00:17.216" level="INFO">${green} = [32m</msg>
<status status="PASS" starttime="20220802 11:00:17.215" endtime="20220802 11:00:17.216"/>
</kw>
<kw name="Set Test Variable" library="BuiltIn">
<arg>${green}</arg>
<doc>Makes a variable available everywhere within the scope of the current test.</doc>
<msg timestamp="20220802 11:00:17.216" level="INFO">${green} = [32m</msg>
<status status="PASS" starttime="20220802 11:00:17.216" endtime="20220802 11:00:17.216"/>
</kw>
<status status="PASS" starttime="20220802 11:00:17.213" endtime="20220802 11:00:17.216"/>
</kw>
<kw name="POST Login Valido Usando FUNCAO" library="login_keywords">
<kw name="Login Padrao" library="library_python">
<var>${json}</var>
<msg timestamp="20220802 11:00:17.222" level="INFO">${json} = {'email': 'fulano@qa.com.br', 'password': 'teste'}</msg>
<status status="PASS" starttime="20220802 11:00:17.217" endtime="20220802 11:00:17.222"/>
</kw>
<kw name="Set Variable" library="BuiltIn">
<var>${payload}</var>
<arg>${json}</arg>
<doc>Returns the given values which can then be assigned to a variables.</doc>
<msg timestamp="20220802 11:00:17.223" level="INFO">${payload} = {'email': 'fulano@qa.com.br', 'password': 'teste'}</msg>
<status status="PASS" starttime="20220802 11:00:17.223" endtime="20220802 11:00:17.223"/>
</kw>
<kw name="Set Global Variable" library="BuiltIn">
<arg>${payload}</arg>
<doc>Makes a variable available globally in all tests and suites.</doc>
<msg timestamp="20220802 11:00:17.224" level="INFO">${payload} = {'email': 'fulano@qa.com.br', 'password': 'teste'}</msg>
<status status="PASS" starttime="20220802 11:00:17.223" endtime="20220802 11:00:17.224"/>
</kw>
<kw name="POST Endpoint /login" library="login_keywords">
<kw name="POST On Session" library="RequestsLibrary">
<var>${response}</var>
<arg>serverest</arg>
<arg>/login</arg>
<arg>json=&amp;{payload}</arg>
<arg>expected_status=anything</arg>
<doc>Sends a POST request on a previously created HTTP Session.</doc>
<msg timestamp="20220802 11:00:17.229" level="INFO">POST Request : url=http://localhost:3000/login 
 path_url=/login 
 headers={'User-Agent': 'python-requests/2.28.1', 'Accept-Encoding': 'gzip, deflate', 'Accept': '*/*', 'Connection': 'keep-alive', 'Content-Length': '50', 'Content-Type': 'application/json'} 
 body=b'{"email": "fulano@qa.com.br", "password": "teste"}' 
 </msg>
<msg timestamp="20220802 11:00:17.230" level="INFO">POST Response : url=http://localhost:3000/login 
 status=200, reason=OK 
 headers={'Access-Control-Allow-Origin': '*', 'x-dns-prefetch-control': 'off', 'x-frame-options': 'SAMEORIGIN', 'strict-transport-security': 'max-age=15552000; includeSubDomains', 'x-download-options': 'noopen', 'x-content-type-options': 'nosniff', 'x-xss-protection': '1; mode=block', 'x-moesif-transaction-id': '95d72e0e-30c4-4aa6-9b26-ccbcf32b22ff', 'Content-Type': 'application/json; charset=utf-8', 'Content-Length': '269', 'Date': 'Tue, 02 Aug 2022 14:00:17 GMT', 'Connection': 'keep-alive', 'Keep-Alive': 'timeout=5'} 
 body={
    "message": "Login realizado com sucesso",
    "authorization": "Bearer eyJhbGciOiJIUzI1NiIsInR5cCI6IkpXVCJ9.eyJlbWFpbCI6ImZ1bGFub0BxYS5jb20uYnIiLCJwYXNzd29yZCI6InRlc3RlIiwiaWF0IjoxNjU5NDQ4ODE3LCJleHAiOjE2NTk0NDk0MTd9.eu9cX8QT4mJgAhyoZj4gnd_a_nAB0wOzt3JjvObGjyo"
} 
 </msg>
<msg timestamp="20220802 11:00:17.230" level="INFO">${response} = &lt;Response [200]&gt;</msg>
<status status="PASS" starttime="20220802 11:00:17.224" endtime="20220802 11:00:17.230"/>
</kw>
<if>
<branch type="IF" condition="${response.status_code} == 200">
<kw name="Set Variable" library="BuiltIn">
<var>${token_auth}</var>
<arg>${response.json()["authorization"]}</arg>
<doc>Returns the given values which can then be assigned to a variables.</doc>
<msg timestamp="20220802 11:00:17.232" level="INFO">${token_auth} = Bearer eyJhbGciOiJIUzI1NiIsInR5cCI6IkpXVCJ9.eyJlbWFpbCI6ImZ1bGFub0BxYS5jb20uYnIiLCJwYXNzd29yZCI6InRlc3RlIiwiaWF0IjoxNjU5NDQ4ODE3LCJleHAiOjE2NTk0NDk0MTd9.eu9cX8QT4mJgAhyoZj4gnd_a_nAB0wOzt3JjvObGjyo</msg>
<status status="PASS" starttime="20220802 11:00:17.231" endtime="20220802 11:00:17.232"/>
</kw>
<kw name="Set Global Variable" library="BuiltIn">
<arg>${token_auth}</arg>
<doc>Makes a variable available globally in all tests and suites.</doc>
<msg timestamp="20220802 11:00:17.233" level="INFO">${token_auth} = Bearer eyJhbGciOiJIUzI1NiIsInR5cCI6IkpXVCJ9.eyJlbWFpbCI6ImZ1bGFub0BxYS5jb20uYnIiLCJwYXNzd29yZCI6InRlc3RlIiwiaWF0IjoxNjU5NDQ4ODE3LCJleHAiOjE2NTk0NDk0MTd9.eu9cX8QT4mJgAhyoZj4gnd_a_nAB0wOzt3JjvObGjyo</msg>
<status status="PASS" starttime="20220802 11:00:17.232" endtime="20220802 11:00:17.233"/>
</kw>
<status status="PASS" starttime="20220802 11:00:17.231" endtime="20220802 11:00:17.233"/>
</branch>
<status status="PASS" starttime="20220802 11:00:17.230" endtime="20220802 11:00:17.233"/>
</if>
<kw name="Set Global Variable" library="BuiltIn">
<arg>${response}</arg>
<doc>Makes a variable available globally in all tests and suites.</doc>
<msg timestamp="20220802 11:00:17.233" level="INFO">${response} = &lt;Response [200]&gt;</msg>
<status status="PASS" starttime="20220802 11:00:17.233" endtime="20220802 11:00:17.233"/>
</kw>
<status status="PASS" starttime="20220802 11:00:17.224" endtime="20220802 11:00:17.233"/>
</kw>
<status status="PASS" starttime="20220802 11:00:17.216" endtime="20220802 11:00:17.234"/>
</kw>
<kw name="POST Cadastro Carrinho Produto Repetido" library="carrinhos_keywords">
<kw name="Importar Json Estatico" library="common">
<var>${json}</var>
<arg>massa_carrinho.json</arg>
<kw name="Get File" library="OperatingSystem">
<var>${arquivo}</var>
<arg>${EXECDIR}/support/fixtures/estatic/${nome_arquivo}</arg>
<doc>Returns the contents of a specified file.</doc>
<msg timestamp="20220802 11:00:17.235" level="INFO" html="true">Getting file '&lt;a href="file:///home/neybackes/Documentos/Robotron_NeyBackes_ProjetoFInal (area_teste)/support/fixtures/estatic/massa_carrinho.json"&gt;/home/neybackes/Documentos/Robotron_NeyBackes_ProjetoFInal (area_teste)/support/fixtures/estatic/massa_carrinho.json&lt;/a&gt;'.</msg>
<msg timestamp="20220802 11:00:17.235" level="INFO">${arquivo} = {"carrinhos_valido": {

    "produtos": [
        {
            "idProduto": "BeeJh5lz3k6kSIzA",
            "quantidade": 2
            
        }
    ]

},
"carrinhos_produto_repetido": {

    "prod...</msg>
<status status="PASS" starttime="20220802 11:00:17.235" endtime="20220802 11:00:17.235"/>
</kw>
<kw name="Evaluate" library="BuiltIn">
<var>${data}</var>
<arg>json.loads('''${arquivo}''')</arg>
<arg>json</arg>
<doc>Evaluates the given expression in Python and returns the result.</doc>
<msg timestamp="20220802 11:00:17.236" level="INFO">${data} = {'carrinhos_valido': {'produtos': [{'idProduto': 'BeeJh5lz3k6kSIzA', 'quantidade': 2}]}, 'carrinhos_produto_repetido': {'produtos': [{'idProduto': 'BeeJh5lz3k6kSIzA', 'quantidade': 2}, {'idProduto': '...</msg>
<status status="PASS" starttime="20220802 11:00:17.236" endtime="20220802 11:00:17.236"/>
</kw>
<msg timestamp="20220802 11:00:17.236" level="INFO">${json} = {'carrinhos_valido': {'produtos': [{'idProduto': 'BeeJh5lz3k6kSIzA', 'quantidade': 2}]}, 'carrinhos_produto_repetido': {'produtos': [{'idProduto': 'BeeJh5lz3k6kSIzA', 'quantidade': 2}, {'idProduto': '...</msg>
<status status="PASS" starttime="20220802 11:00:17.234" endtime="20220802 11:00:17.236"/>
</kw>
<kw name="Set Variable" library="BuiltIn">
<var>${payload}</var>
<arg>${json["carrinhos_produto_repetido"]}</arg>
<doc>Returns the given values which can then be assigned to a variables.</doc>
<msg timestamp="20220802 11:00:17.237" level="INFO">${payload} = {'produtos': [{'idProduto': 'BeeJh5lz3k6kSIzA', 'quantidade': 2}, {'idProduto': 'BeeJh5lz3k6kSIzA', 'quantidade': 2}]}</msg>
<status status="PASS" starttime="20220802 11:00:17.236" endtime="20220802 11:00:17.237"/>
</kw>
<kw name="Set Global Variable" library="BuiltIn">
<arg>${payload}</arg>
<doc>Makes a variable available globally in all tests and suites.</doc>
<msg timestamp="20220802 11:00:17.238" level="INFO">${payload} = {'produtos': [{'idProduto': 'BeeJh5lz3k6kSIzA', 'quantidade': 2}, {'idProduto': 'BeeJh5lz3k6kSIzA', 'quantidade': 2}]}</msg>
<status status="PASS" starttime="20220802 11:00:17.238" endtime="20220802 11:00:17.238"/>
</kw>
<kw name="POST Endpoint Carrinho" library="carrinhos_keywords">
<kw name="Create Dictionary" library="BuiltIn">
<var>${header}</var>
<arg>Authorization=${token_auth}</arg>
<doc>Creates and returns a dictionary based on the given ``items``.</doc>
<msg timestamp="20220802 11:00:17.239" level="INFO">${header} = {'Authorization': 'Bearer eyJhbGciOiJIUzI1NiIsInR5cCI6IkpXVCJ9.eyJlbWFpbCI6ImZ1bGFub0BxYS5jb20uYnIiLCJwYXNzd29yZCI6InRlc3RlIiwiaWF0IjoxNjU5NDQ4ODE3LCJleHAiOjE2NTk0NDk0MTd9.eu9cX8QT4mJgAhyoZj4gnd_a_nAB...</msg>
<status status="PASS" starttime="20220802 11:00:17.239" endtime="20220802 11:00:17.239"/>
</kw>
<kw name="POST On Session" library="RequestsLibrary">
<var>${response}</var>
<arg>serverest</arg>
<arg>/carrinhos</arg>
<arg>json=${payload}</arg>
<arg>headers=${header}</arg>
<arg>expected_status=anything</arg>
<doc>Sends a POST request on a previously created HTTP Session.</doc>
<msg timestamp="20220802 11:00:17.246" level="INFO">POST Request : url=http://localhost:3000/carrinhos 
 path_url=/carrinhos 
 headers={'User-Agent': 'python-requests/2.28.1', 'Accept-Encoding': 'gzip, deflate', 'Accept': '*/*', 'Connection': 'keep-alive', 'Authorization': 'Bearer eyJhbGciOiJIUzI1NiIsInR5cCI6IkpXVCJ9.eyJlbWFpbCI6ImZ1bGFub0BxYS5jb20uYnIiLCJwYXNzd29yZCI6InRlc3RlIiwiaWF0IjoxNjU5NDQ4ODE3LCJleHAiOjE2NTk0NDk0MTd9.eu9cX8QT4mJgAhyoZj4gnd_a_nAB0wOzt3JjvObGjyo', 'Content-Length': '118', 'Content-Type': 'application/json'} 
 body=b'{"produtos": [{"idProduto": "BeeJh5lz3k6kSIzA", "quantidade": 2}, {"idProduto": "BeeJh5lz3k6kSIzA", "quantidade": 2}]}' 
 </msg>
<msg timestamp="20220802 11:00:17.246" level="INFO">POST Response : url=http://localhost:3000/carrinhos 
 status=400, reason=Bad Request 
 headers={'Access-Control-Allow-Origin': '*', 'x-dns-prefetch-control': 'off', 'x-frame-options': 'SAMEORIGIN', 'strict-transport-security': 'max-age=15552000; includeSubDomains', 'x-download-options': 'noopen', 'x-content-type-options': 'nosniff', 'x-xss-protection': '1; mode=block', 'x-moesif-transaction-id': '2e1e2380-b15e-4f5f-bff3-826e26743010', 'Content-Type': 'application/json; charset=utf-8', 'Content-Length': '128', 'Date': 'Tue, 02 Aug 2022 14:00:17 GMT', 'Connection': 'keep-alive', 'Keep-Alive': 'timeout=5'} 
 body={
    "message": "Não é permitido possuir produto duplicado",
    "idProdutosDuplicados": [
        "BeeJh5lz3k6kSIzA"
    ]
} 
 </msg>
<msg timestamp="20220802 11:00:17.246" level="INFO">${response} = &lt;Response [400]&gt;</msg>
<status status="PASS" starttime="20220802 11:00:17.240" endtime="20220802 11:00:17.246"/>
</kw>
<kw name="Set Global Variable" library="BuiltIn">
<arg>${response}</arg>
<doc>Makes a variable available globally in all tests and suites.</doc>
<msg timestamp="20220802 11:00:17.247" level="INFO">${response} = &lt;Response [400]&gt;</msg>
<status status="PASS" starttime="20220802 11:00:17.247" endtime="20220802 11:00:17.247"/>
</kw>
<if>
<branch type="IF" condition="${response.status_code} == 201">
<kw name="Set Variable" library="BuiltIn">
<var>${carrinho_id}</var>
<arg>${response.json()["_id"]}</arg>
<doc>Returns the given values which can then be assigned to a variables.</doc>
<status status="NOT RUN" starttime="20220802 11:00:17.248" endtime="20220802 11:00:17.248"/>
</kw>
<kw name="Set Global Variable" library="BuiltIn">
<arg>${carrinho_id}</arg>
<doc>Makes a variable available globally in all tests and suites.</doc>
<status status="NOT RUN" starttime="20220802 11:00:17.248" endtime="20220802 11:00:17.248"/>
</kw>
<status status="NOT RUN" starttime="20220802 11:00:17.248" endtime="20220802 11:00:17.248"/>
</branch>
<status status="PASS" starttime="20220802 11:00:17.247" endtime="20220802 11:00:17.248"/>
</if>
<status status="PASS" starttime="20220802 11:00:17.238" endtime="20220802 11:00:17.248"/>
</kw>
<status status="PASS" starttime="20220802 11:00:17.234" endtime="20220802 11:00:17.249"/>
</kw>
<kw name="Imprimir Carrinho Response.Content" library="carrinhos_keywords">
<if>
<branch type="IF" condition="${response.status_code} == 200 or ${response.status_code} == 201">
<kw name="Log To Console" library="BuiltIn">
<arg>${yellow}Resposta para Cadastro de Carrino:${yellow} ${green}${response.content}${green}</arg>
<doc>Logs the given message to the console.</doc>
<status status="NOT RUN" starttime="20220802 11:00:17.250" endtime="20220802 11:00:17.250"/>
</kw>
<status status="NOT RUN" starttime="20220802 11:00:17.250" endtime="20220802 11:00:17.250"/>
</branch>
<branch type="ELSE">
<kw name="Log To Console" library="BuiltIn">
<arg>${yellow}Resposta para Cadastro de Carrinho:${yellow} ${red}${response.content}${red}</arg>
<doc>Logs the given message to the console.</doc>
<status status="PASS" starttime="20220802 11:00:17.251" endtime="20220802 11:00:17.251"/>
</kw>
<status status="PASS" starttime="20220802 11:00:17.250" endtime="20220802 11:00:17.251"/>
</branch>
<status status="PASS" starttime="20220802 11:00:17.249" endtime="20220802 11:00:17.252"/>
</if>
<status status="PASS" starttime="20220802 11:00:17.249" endtime="20220802 11:00:17.252"/>
</kw>
<kw name="Resposta Carrinho Produto Duplicado" library="carrinhos_keywords">
<kw name="Should Contain" library="BuiltIn">
<arg>${response.json()["message"]}</arg>
<arg>Não é permitido possuir produto duplicado</arg>
<doc>Fails if ``container`` does not contain ``item`` one or more times.</doc>
<status status="PASS" starttime="20220802 11:00:17.252" endtime="20220802 11:00:17.253"/>
</kw>
<kw name="Should Not Be Empty" library="BuiltIn">
<arg>${response.json()["idProdutosDuplicados"]}</arg>
<doc>Verifies that the given item is not empty.</doc>
<msg timestamp="20220802 11:00:17.254" level="INFO">Length is 1</msg>
<status status="PASS" starttime="20220802 11:00:17.253" endtime="20220802 11:00:17.254"/>
</kw>
<status status="PASS" starttime="20220802 11:00:17.252" endtime="20220802 11:00:17.254"/>
</kw>
<kw name="validar Status Code &quot;400&quot;" library="common" sourcename="validar Status Code &quot;${statuscode}&quot;">
<kw name="Should Be True" library="BuiltIn">
<arg>${response.status_code} == ${status_code}</arg>
<doc>Fails if the given condition is not true.</doc>
<status status="PASS" starttime="20220802 11:00:17.255" endtime="20220802 11:00:17.256"/>
</kw>
<if>
<branch type="IF" condition="${response.status_code} == 200 or ${response.status_code} == 201">
<kw name="Log To Console" library="BuiltIn">
<arg>${yellow}Status Code Retornado:${yellow} ${green}${response.status_code}${green}</arg>
<doc>Logs the given message to the console.</doc>
<status status="NOT RUN" starttime="20220802 11:00:17.258" endtime="20220802 11:00:17.258"/>
</kw>
<status status="NOT RUN" starttime="20220802 11:00:17.258" endtime="20220802 11:00:17.258"/>
</branch>
<branch type="ELSE">
<kw name="Log To Console" library="BuiltIn">
<arg>${yellow}Status Code Retornado:${yellow} ${red}${response.status_code}${red}</arg>
<doc>Logs the given message to the console.</doc>
<status status="PASS" starttime="20220802 11:00:17.258" endtime="20220802 11:00:17.259"/>
</kw>
<status status="PASS" starttime="20220802 11:00:17.258" endtime="20220802 11:00:17.259"/>
</branch>
<status status="PASS" starttime="20220802 11:00:17.256" endtime="20220802 11:00:17.259"/>
</if>
<status status="PASS" starttime="20220802 11:00:17.254" endtime="20220802 11:00:17.259"/>
</kw>
<tag>POST_CARRINHO_PRODUTO_DUPLICADO</tag>
<status status="PASS" starttime="20220802 11:00:17.213" endtime="20220802 11:00:17.260"/>
</test>
<test id="s1-s1-t3" name="Cenario: POST Carrinho Carrinho Já Cadastrado 400" line="37">
<kw name="Iniciar cores de resposta" library="common">
<kw name="Evaluate" library="BuiltIn">
<var>${red}</var>
<arg>${RED}</arg>
<doc>Evaluates the given expression in Python and returns the result.</doc>
<msg timestamp="20220802 11:00:17.261" level="INFO">${red} = [31m</msg>
<status status="PASS" starttime="20220802 11:00:17.261" endtime="20220802 11:00:17.261"/>
</kw>
<kw name="Set Test Variable" library="BuiltIn">
<arg>${red}</arg>
<doc>Makes a variable available everywhere within the scope of the current test.</doc>
<msg timestamp="20220802 11:00:17.262" level="INFO">${red} = [31m</msg>
<status status="PASS" starttime="20220802 11:00:17.262" endtime="20220802 11:00:17.262"/>
</kw>
<kw name="Evaluate" library="BuiltIn">
<var>${yellow}</var>
<arg>${YELLOW}</arg>
<doc>Evaluates the given expression in Python and returns the result.</doc>
<msg timestamp="20220802 11:00:17.262" level="INFO">${yellow} = [33m</msg>
<status status="PASS" starttime="20220802 11:00:17.262" endtime="20220802 11:00:17.262"/>
</kw>
<kw name="Set Test Variable" library="BuiltIn">
<arg>${yellow}</arg>
<doc>Makes a variable available everywhere within the scope of the current test.</doc>
<msg timestamp="20220802 11:00:17.263" level="INFO">${yellow} = [33m</msg>
<status status="PASS" starttime="20220802 11:00:17.263" endtime="20220802 11:00:17.263"/>
</kw>
<kw name="Evaluate" library="BuiltIn">
<var>${green}</var>
<arg>${GREEN}</arg>
<doc>Evaluates the given expression in Python and returns the result.</doc>
<msg timestamp="20220802 11:00:17.263" level="INFO">${green} = [32m</msg>
<status status="PASS" starttime="20220802 11:00:17.263" endtime="20220802 11:00:17.264"/>
</kw>
<kw name="Set Test Variable" library="BuiltIn">
<arg>${green}</arg>
<doc>Makes a variable available everywhere within the scope of the current test.</doc>
<msg timestamp="20220802 11:00:17.264" level="INFO">${green} = [32m</msg>
<status status="PASS" starttime="20220802 11:00:17.264" endtime="20220802 11:00:17.264"/>
</kw>
<status status="PASS" starttime="20220802 11:00:17.261" endtime="20220802 11:00:17.264"/>
</kw>
<kw name="POST Login Valido Usando FUNCAO" library="login_keywords">
<kw name="Login Padrao" library="library_python">
<var>${json}</var>
<msg timestamp="20220802 11:00:17.271" level="INFO">${json} = {'email': 'fulano@qa.com.br', 'password': 'teste'}</msg>
<status status="PASS" starttime="20220802 11:00:17.265" endtime="20220802 11:00:17.271"/>
</kw>
<kw name="Set Variable" library="BuiltIn">
<var>${payload}</var>
<arg>${json}</arg>
<doc>Returns the given values which can then be assigned to a variables.</doc>
<msg timestamp="20220802 11:00:17.272" level="INFO">${payload} = {'email': 'fulano@qa.com.br', 'password': 'teste'}</msg>
<status status="PASS" starttime="20220802 11:00:17.271" endtime="20220802 11:00:17.272"/>
</kw>
<kw name="Set Global Variable" library="BuiltIn">
<arg>${payload}</arg>
<doc>Makes a variable available globally in all tests and suites.</doc>
<msg timestamp="20220802 11:00:17.272" level="INFO">${payload} = {'email': 'fulano@qa.com.br', 'password': 'teste'}</msg>
<status status="PASS" starttime="20220802 11:00:17.272" endtime="20220802 11:00:17.272"/>
</kw>
<kw name="POST Endpoint /login" library="login_keywords">
<kw name="POST On Session" library="RequestsLibrary">
<var>${response}</var>
<arg>serverest</arg>
<arg>/login</arg>
<arg>json=&amp;{payload}</arg>
<arg>expected_status=anything</arg>
<doc>Sends a POST request on a previously created HTTP Session.</doc>
<msg timestamp="20220802 11:00:17.278" level="INFO">POST Request : url=http://localhost:3000/login 
 path_url=/login 
 headers={'User-Agent': 'python-requests/2.28.1', 'Accept-Encoding': 'gzip, deflate', 'Accept': '*/*', 'Connection': 'keep-alive', 'Content-Length': '50', 'Content-Type': 'application/json'} 
 body=b'{"email": "fulano@qa.com.br", "password": "teste"}' 
 </msg>
<msg timestamp="20220802 11:00:17.278" level="INFO">POST Response : url=http://localhost:3000/login 
 status=200, reason=OK 
 headers={'Access-Control-Allow-Origin': '*', 'x-dns-prefetch-control': 'off', 'x-frame-options': 'SAMEORIGIN', 'strict-transport-security': 'max-age=15552000; includeSubDomains', 'x-download-options': 'noopen', 'x-content-type-options': 'nosniff', 'x-xss-protection': '1; mode=block', 'x-moesif-transaction-id': 'fec93a6d-435f-417d-acf2-b9b32c4e51e8', 'Content-Type': 'application/json; charset=utf-8', 'Content-Length': '269', 'Date': 'Tue, 02 Aug 2022 14:00:17 GMT', 'Connection': 'keep-alive', 'Keep-Alive': 'timeout=5'} 
 body={
    "message": "Login realizado com sucesso",
    "authorization": "Bearer eyJhbGciOiJIUzI1NiIsInR5cCI6IkpXVCJ9.eyJlbWFpbCI6ImZ1bGFub0BxYS5jb20uYnIiLCJwYXNzd29yZCI6InRlc3RlIiwiaWF0IjoxNjU5NDQ4ODE3LCJleHAiOjE2NTk0NDk0MTd9.eu9cX8QT4mJgAhyoZj4gnd_a_nAB0wOzt3JjvObGjyo"
} 
 </msg>
<msg timestamp="20220802 11:00:17.279" level="INFO">${response} = &lt;Response [200]&gt;</msg>
<status status="PASS" starttime="20220802 11:00:17.273" endtime="20220802 11:00:17.279"/>
</kw>
<if>
<branch type="IF" condition="${response.status_code} == 200">
<kw name="Set Variable" library="BuiltIn">
<var>${token_auth}</var>
<arg>${response.json()["authorization"]}</arg>
<doc>Returns the given values which can then be assigned to a variables.</doc>
<msg timestamp="20220802 11:00:17.281" level="INFO">${token_auth} = Bearer eyJhbGciOiJIUzI1NiIsInR5cCI6IkpXVCJ9.eyJlbWFpbCI6ImZ1bGFub0BxYS5jb20uYnIiLCJwYXNzd29yZCI6InRlc3RlIiwiaWF0IjoxNjU5NDQ4ODE3LCJleHAiOjE2NTk0NDk0MTd9.eu9cX8QT4mJgAhyoZj4gnd_a_nAB0wOzt3JjvObGjyo</msg>
<status status="PASS" starttime="20220802 11:00:17.280" endtime="20220802 11:00:17.281"/>
</kw>
<kw name="Set Global Variable" library="BuiltIn">
<arg>${token_auth}</arg>
<doc>Makes a variable available globally in all tests and suites.</doc>
<msg timestamp="20220802 11:00:17.281" level="INFO">${token_auth} = Bearer eyJhbGciOiJIUzI1NiIsInR5cCI6IkpXVCJ9.eyJlbWFpbCI6ImZ1bGFub0BxYS5jb20uYnIiLCJwYXNzd29yZCI6InRlc3RlIiwiaWF0IjoxNjU5NDQ4ODE3LCJleHAiOjE2NTk0NDk0MTd9.eu9cX8QT4mJgAhyoZj4gnd_a_nAB0wOzt3JjvObGjyo</msg>
<status status="PASS" starttime="20220802 11:00:17.281" endtime="20220802 11:00:17.281"/>
</kw>
<status status="PASS" starttime="20220802 11:00:17.280" endtime="20220802 11:00:17.281"/>
</branch>
<status status="PASS" starttime="20220802 11:00:17.279" endtime="20220802 11:00:17.281"/>
</if>
<kw name="Set Global Variable" library="BuiltIn">
<arg>${response}</arg>
<doc>Makes a variable available globally in all tests and suites.</doc>
<msg timestamp="20220802 11:00:17.282" level="INFO">${response} = &lt;Response [200]&gt;</msg>
<status status="PASS" starttime="20220802 11:00:17.281" endtime="20220802 11:00:17.282"/>
</kw>
<status status="PASS" starttime="20220802 11:00:17.272" endtime="20220802 11:00:17.282"/>
</kw>
<status status="PASS" starttime="20220802 11:00:17.264" endtime="20220802 11:00:17.282"/>
</kw>
<kw name="POST Cadastro Carrinho Estatico Valido" library="carrinhos_keywords">
<kw name="Importar Json Estatico" library="common">
<var>${json}</var>
<arg>massa_carrinho.json</arg>
<kw name="Get File" library="OperatingSystem">
<var>${arquivo}</var>
<arg>${EXECDIR}/support/fixtures/estatic/${nome_arquivo}</arg>
<doc>Returns the contents of a specified file.</doc>
<msg timestamp="20220802 11:00:17.284" level="INFO" html="true">Getting file '&lt;a href="file:///home/neybackes/Documentos/Robotron_NeyBackes_ProjetoFInal (area_teste)/support/fixtures/estatic/massa_carrinho.json"&gt;/home/neybackes/Documentos/Robotron_NeyBackes_ProjetoFInal (area_teste)/support/fixtures/estatic/massa_carrinho.json&lt;/a&gt;'.</msg>
<msg timestamp="20220802 11:00:17.284" level="INFO">${arquivo} = {"carrinhos_valido": {

    "produtos": [
        {
            "idProduto": "BeeJh5lz3k6kSIzA",
            "quantidade": 2
            
        }
    ]

},
"carrinhos_produto_repetido": {

    "prod...</msg>
<status status="PASS" starttime="20220802 11:00:17.284" endtime="20220802 11:00:17.284"/>
</kw>
<kw name="Evaluate" library="BuiltIn">
<var>${data}</var>
<arg>json.loads('''${arquivo}''')</arg>
<arg>json</arg>
<doc>Evaluates the given expression in Python and returns the result.</doc>
<msg timestamp="20220802 11:00:17.285" level="INFO">${data} = {'carrinhos_valido': {'produtos': [{'idProduto': 'BeeJh5lz3k6kSIzA', 'quantidade': 2}]}, 'carrinhos_produto_repetido': {'produtos': [{'idProduto': 'BeeJh5lz3k6kSIzA', 'quantidade': 2}, {'idProduto': '...</msg>
<status status="PASS" starttime="20220802 11:00:17.285" endtime="20220802 11:00:17.285"/>
</kw>
<msg timestamp="20220802 11:00:17.285" level="INFO">${json} = {'carrinhos_valido': {'produtos': [{'idProduto': 'BeeJh5lz3k6kSIzA', 'quantidade': 2}]}, 'carrinhos_produto_repetido': {'produtos': [{'idProduto': 'BeeJh5lz3k6kSIzA', 'quantidade': 2}, {'idProduto': '...</msg>
<status status="PASS" starttime="20220802 11:00:17.282" endtime="20220802 11:00:17.285"/>
</kw>
<kw name="Set Variable" library="BuiltIn">
<var>${payload}</var>
<arg>${json["carrinhos_valido"]}</arg>
<doc>Returns the given values which can then be assigned to a variables.</doc>
<msg timestamp="20220802 11:00:17.286" level="INFO">${payload} = {'produtos': [{'idProduto': 'BeeJh5lz3k6kSIzA', 'quantidade': 2}]}</msg>
<status status="PASS" starttime="20220802 11:00:17.285" endtime="20220802 11:00:17.286"/>
</kw>
<kw name="Set Global Variable" library="BuiltIn">
<arg>${payload}</arg>
<doc>Makes a variable available globally in all tests and suites.</doc>
<msg timestamp="20220802 11:00:17.287" level="INFO">${payload} = {'produtos': [{'idProduto': 'BeeJh5lz3k6kSIzA', 'quantidade': 2}]}</msg>
<status status="PASS" starttime="20220802 11:00:17.286" endtime="20220802 11:00:17.287"/>
</kw>
<kw name="POST Endpoint Carrinho" library="carrinhos_keywords">
<kw name="Create Dictionary" library="BuiltIn">
<var>${header}</var>
<arg>Authorization=${token_auth}</arg>
<doc>Creates and returns a dictionary based on the given ``items``.</doc>
<msg timestamp="20220802 11:00:17.288" level="INFO">${header} = {'Authorization': 'Bearer eyJhbGciOiJIUzI1NiIsInR5cCI6IkpXVCJ9.eyJlbWFpbCI6ImZ1bGFub0BxYS5jb20uYnIiLCJwYXNzd29yZCI6InRlc3RlIiwiaWF0IjoxNjU5NDQ4ODE3LCJleHAiOjE2NTk0NDk0MTd9.eu9cX8QT4mJgAhyoZj4gnd_a_nAB...</msg>
<status status="PASS" starttime="20220802 11:00:17.287" endtime="20220802 11:00:17.288"/>
</kw>
<kw name="POST On Session" library="RequestsLibrary">
<var>${response}</var>
<arg>serverest</arg>
<arg>/carrinhos</arg>
<arg>json=${payload}</arg>
<arg>headers=${header}</arg>
<arg>expected_status=anything</arg>
<doc>Sends a POST request on a previously created HTTP Session.</doc>
<msg timestamp="20220802 11:00:17.299" level="INFO">POST Request : url=http://localhost:3000/carrinhos 
 path_url=/carrinhos 
 headers={'User-Agent': 'python-requests/2.28.1', 'Accept-Encoding': 'gzip, deflate', 'Accept': '*/*', 'Connection': 'keep-alive', 'Authorization': 'Bearer eyJhbGciOiJIUzI1NiIsInR5cCI6IkpXVCJ9.eyJlbWFpbCI6ImZ1bGFub0BxYS5jb20uYnIiLCJwYXNzd29yZCI6InRlc3RlIiwiaWF0IjoxNjU5NDQ4ODE3LCJleHAiOjE2NTk0NDk0MTd9.eu9cX8QT4mJgAhyoZj4gnd_a_nAB0wOzt3JjvObGjyo', 'Content-Length': '66', 'Content-Type': 'application/json'} 
 body=b'{"produtos": [{"idProduto": "BeeJh5lz3k6kSIzA", "quantidade": 2}]}' 
 </msg>
<msg timestamp="20220802 11:00:17.299" level="INFO">POST Response : url=http://localhost:3000/carrinhos 
 status=201, reason=Created 
 headers={'Access-Control-Allow-Origin': '*', 'x-dns-prefetch-control': 'off', 'x-frame-options': 'SAMEORIGIN', 'strict-transport-security': 'max-age=15552000; includeSubDomains', 'x-download-options': 'noopen', 'x-content-type-options': 'nosniff', 'x-xss-protection': '1; mode=block', 'x-moesif-transaction-id': '4e243f40-d052-41a3-a5cd-9501504f1099', 'Content-Type': 'application/json; charset=utf-8', 'Content-Length': '82', 'Date': 'Tue, 02 Aug 2022 14:00:17 GMT', 'Connection': 'keep-alive', 'Keep-Alive': 'timeout=5'} 
 body={
    "message": "Cadastro realizado com sucesso",
    "_id": "vJor52pLv0STYJjD"
} 
 </msg>
<msg timestamp="20220802 11:00:17.299" level="INFO">${response} = &lt;Response [201]&gt;</msg>
<status status="PASS" starttime="20220802 11:00:17.288" endtime="20220802 11:00:17.299"/>
</kw>
<kw name="Set Global Variable" library="BuiltIn">
<arg>${response}</arg>
<doc>Makes a variable available globally in all tests and suites.</doc>
<msg timestamp="20220802 11:00:17.300" level="INFO">${response} = &lt;Response [201]&gt;</msg>
<status status="PASS" starttime="20220802 11:00:17.299" endtime="20220802 11:00:17.300"/>
</kw>
<if>
<branch type="IF" condition="${response.status_code} == 201">
<kw name="Set Variable" library="BuiltIn">
<var>${carrinho_id}</var>
<arg>${response.json()["_id"]}</arg>
<doc>Returns the given values which can then be assigned to a variables.</doc>
<msg timestamp="20220802 11:00:17.301" level="INFO">${carrinho_id} = vJor52pLv0STYJjD</msg>
<status status="PASS" starttime="20220802 11:00:17.301" endtime="20220802 11:00:17.301"/>
</kw>
<kw name="Set Global Variable" library="BuiltIn">
<arg>${carrinho_id}</arg>
<doc>Makes a variable available globally in all tests and suites.</doc>
<msg timestamp="20220802 11:00:17.302" level="INFO">${carrinho_id} = vJor52pLv0STYJjD</msg>
<status status="PASS" starttime="20220802 11:00:17.302" endtime="20220802 11:00:17.302"/>
</kw>
<status status="PASS" starttime="20220802 11:00:17.300" endtime="20220802 11:00:17.302"/>
</branch>
<status status="PASS" starttime="20220802 11:00:17.300" endtime="20220802 11:00:17.302"/>
</if>
<status status="PASS" starttime="20220802 11:00:17.287" endtime="20220802 11:00:17.302"/>
</kw>
<status status="PASS" starttime="20220802 11:00:17.282" endtime="20220802 11:00:17.302"/>
</kw>
<kw name="POST Cadastro Carrinho Estatico Valido" library="carrinhos_keywords">
<kw name="Importar Json Estatico" library="common">
<var>${json}</var>
<arg>massa_carrinho.json</arg>
<kw name="Get File" library="OperatingSystem">
<var>${arquivo}</var>
<arg>${EXECDIR}/support/fixtures/estatic/${nome_arquivo}</arg>
<doc>Returns the contents of a specified file.</doc>
<msg timestamp="20220802 11:00:17.304" level="INFO" html="true">Getting file '&lt;a href="file:///home/neybackes/Documentos/Robotron_NeyBackes_ProjetoFInal (area_teste)/support/fixtures/estatic/massa_carrinho.json"&gt;/home/neybackes/Documentos/Robotron_NeyBackes_ProjetoFInal (area_teste)/support/fixtures/estatic/massa_carrinho.json&lt;/a&gt;'.</msg>
<msg timestamp="20220802 11:00:17.304" level="INFO">${arquivo} = {"carrinhos_valido": {

    "produtos": [
        {
            "idProduto": "BeeJh5lz3k6kSIzA",
            "quantidade": 2
            
        }
    ]

},
"carrinhos_produto_repetido": {

    "prod...</msg>
<status status="PASS" starttime="20220802 11:00:17.304" endtime="20220802 11:00:17.304"/>
</kw>
<kw name="Evaluate" library="BuiltIn">
<var>${data}</var>
<arg>json.loads('''${arquivo}''')</arg>
<arg>json</arg>
<doc>Evaluates the given expression in Python and returns the result.</doc>
<msg timestamp="20220802 11:00:17.305" level="INFO">${data} = {'carrinhos_valido': {'produtos': [{'idProduto': 'BeeJh5lz3k6kSIzA', 'quantidade': 2}]}, 'carrinhos_produto_repetido': {'produtos': [{'idProduto': 'BeeJh5lz3k6kSIzA', 'quantidade': 2}, {'idProduto': '...</msg>
<status status="PASS" starttime="20220802 11:00:17.304" endtime="20220802 11:00:17.305"/>
</kw>
<msg timestamp="20220802 11:00:17.305" level="INFO">${json} = {'carrinhos_valido': {'produtos': [{'idProduto': 'BeeJh5lz3k6kSIzA', 'quantidade': 2}]}, 'carrinhos_produto_repetido': {'produtos': [{'idProduto': 'BeeJh5lz3k6kSIzA', 'quantidade': 2}, {'idProduto': '...</msg>
<status status="PASS" starttime="20220802 11:00:17.303" endtime="20220802 11:00:17.305"/>
</kw>
<kw name="Set Variable" library="BuiltIn">
<var>${payload}</var>
<arg>${json["carrinhos_valido"]}</arg>
<doc>Returns the given values which can then be assigned to a variables.</doc>
<msg timestamp="20220802 11:00:17.306" level="INFO">${payload} = {'produtos': [{'idProduto': 'BeeJh5lz3k6kSIzA', 'quantidade': 2}]}</msg>
<status status="PASS" starttime="20220802 11:00:17.305" endtime="20220802 11:00:17.306"/>
</kw>
<kw name="Set Global Variable" library="BuiltIn">
<arg>${payload}</arg>
<doc>Makes a variable available globally in all tests and suites.</doc>
<msg timestamp="20220802 11:00:17.307" level="INFO">${payload} = {'produtos': [{'idProduto': 'BeeJh5lz3k6kSIzA', 'quantidade': 2}]}</msg>
<status status="PASS" starttime="20220802 11:00:17.306" endtime="20220802 11:00:17.307"/>
</kw>
<kw name="POST Endpoint Carrinho" library="carrinhos_keywords">
<kw name="Create Dictionary" library="BuiltIn">
<var>${header}</var>
<arg>Authorization=${token_auth}</arg>
<doc>Creates and returns a dictionary based on the given ``items``.</doc>
<msg timestamp="20220802 11:00:17.308" level="INFO">${header} = {'Authorization': 'Bearer eyJhbGciOiJIUzI1NiIsInR5cCI6IkpXVCJ9.eyJlbWFpbCI6ImZ1bGFub0BxYS5jb20uYnIiLCJwYXNzd29yZCI6InRlc3RlIiwiaWF0IjoxNjU5NDQ4ODE3LCJleHAiOjE2NTk0NDk0MTd9.eu9cX8QT4mJgAhyoZj4gnd_a_nAB...</msg>
<status status="PASS" starttime="20220802 11:00:17.307" endtime="20220802 11:00:17.308"/>
</kw>
<kw name="POST On Session" library="RequestsLibrary">
<var>${response}</var>
<arg>serverest</arg>
<arg>/carrinhos</arg>
<arg>json=${payload}</arg>
<arg>headers=${header}</arg>
<arg>expected_status=anything</arg>
<doc>Sends a POST request on a previously created HTTP Session.</doc>
<msg timestamp="20220802 11:00:17.314" level="INFO">POST Request : url=http://localhost:3000/carrinhos 
 path_url=/carrinhos 
 headers={'User-Agent': 'python-requests/2.28.1', 'Accept-Encoding': 'gzip, deflate', 'Accept': '*/*', 'Connection': 'keep-alive', 'Authorization': 'Bearer eyJhbGciOiJIUzI1NiIsInR5cCI6IkpXVCJ9.eyJlbWFpbCI6ImZ1bGFub0BxYS5jb20uYnIiLCJwYXNzd29yZCI6InRlc3RlIiwiaWF0IjoxNjU5NDQ4ODE3LCJleHAiOjE2NTk0NDk0MTd9.eu9cX8QT4mJgAhyoZj4gnd_a_nAB0wOzt3JjvObGjyo', 'Content-Length': '66', 'Content-Type': 'application/json'} 
 body=b'{"produtos": [{"idProduto": "BeeJh5lz3k6kSIzA", "quantidade": 2}]}' 
 </msg>
<msg timestamp="20220802 11:00:17.314" level="INFO">POST Response : url=http://localhost:3000/carrinhos 
 status=400, reason=Bad Request 
 headers={'Access-Control-Allow-Origin': '*', 'x-dns-prefetch-control': 'off', 'x-frame-options': 'SAMEORIGIN', 'strict-transport-security': 'max-age=15552000; includeSubDomains', 'x-download-options': 'noopen', 'x-content-type-options': 'nosniff', 'x-xss-protection': '1; mode=block', 'x-moesif-transaction-id': '3deec8e5-0c00-4b7a-bc1c-6156d451c03b', 'Content-Type': 'application/json; charset=utf-8', 'Content-Length': '61', 'Date': 'Tue, 02 Aug 2022 14:00:17 GMT', 'Connection': 'keep-alive', 'Keep-Alive': 'timeout=5'} 
 body={
    "message": "Não é permitido ter mais de 1 carrinho"
} 
 </msg>
<msg timestamp="20220802 11:00:17.315" level="INFO">${response} = &lt;Response [400]&gt;</msg>
<status status="PASS" starttime="20220802 11:00:17.308" endtime="20220802 11:00:17.315"/>
</kw>
<kw name="Set Global Variable" library="BuiltIn">
<arg>${response}</arg>
<doc>Makes a variable available globally in all tests and suites.</doc>
<msg timestamp="20220802 11:00:17.315" level="INFO">${response} = &lt;Response [400]&gt;</msg>
<status status="PASS" starttime="20220802 11:00:17.315" endtime="20220802 11:00:17.315"/>
</kw>
<if>
<branch type="IF" condition="${response.status_code} == 201">
<kw name="Set Variable" library="BuiltIn">
<var>${carrinho_id}</var>
<arg>${response.json()["_id"]}</arg>
<doc>Returns the given values which can then be assigned to a variables.</doc>
<status status="NOT RUN" starttime="20220802 11:00:17.316" endtime="20220802 11:00:17.316"/>
</kw>
<kw name="Set Global Variable" library="BuiltIn">
<arg>${carrinho_id}</arg>
<doc>Makes a variable available globally in all tests and suites.</doc>
<status status="NOT RUN" starttime="20220802 11:00:17.316" endtime="20220802 11:00:17.316"/>
</kw>
<status status="NOT RUN" starttime="20220802 11:00:17.316" endtime="20220802 11:00:17.316"/>
</branch>
<status status="PASS" starttime="20220802 11:00:17.315" endtime="20220802 11:00:17.317"/>
</if>
<status status="PASS" starttime="20220802 11:00:17.307" endtime="20220802 11:00:17.317"/>
</kw>
<status status="PASS" starttime="20220802 11:00:17.303" endtime="20220802 11:00:17.317"/>
</kw>
<kw name="Imprimir Carrinho Response.Content" library="carrinhos_keywords">
<if>
<branch type="IF" condition="${response.status_code} == 200 or ${response.status_code} == 201">
<kw name="Log To Console" library="BuiltIn">
<arg>${yellow}Resposta para Cadastro de Carrino:${yellow} ${green}${response.content}${green}</arg>
<doc>Logs the given message to the console.</doc>
<status status="NOT RUN" starttime="20220802 11:00:17.318" endtime="20220802 11:00:17.318"/>
</kw>
<status status="NOT RUN" starttime="20220802 11:00:17.318" endtime="20220802 11:00:17.318"/>
</branch>
<branch type="ELSE">
<kw name="Log To Console" library="BuiltIn">
<arg>${yellow}Resposta para Cadastro de Carrinho:${yellow} ${red}${response.content}${red}</arg>
<doc>Logs the given message to the console.</doc>
<status status="PASS" starttime="20220802 11:00:17.319" endtime="20220802 11:00:17.319"/>
</kw>
<status status="PASS" starttime="20220802 11:00:17.318" endtime="20220802 11:00:17.319"/>
</branch>
<status status="PASS" starttime="20220802 11:00:17.317" endtime="20220802 11:00:17.319"/>
</if>
<status status="PASS" starttime="20220802 11:00:17.317" endtime="20220802 11:00:17.320"/>
</kw>
<kw name="Reposta Um carrinho Por Cadastro" library="carrinhos_keywords">
<kw name="Should Contain" library="BuiltIn">
<arg>${response.json()["message"]}</arg>
<arg>Não é permitido ter mais de 1 carrinho</arg>
<doc>Fails if ``container`` does not contain ``item`` one or more times.</doc>
<status status="PASS" starttime="20220802 11:00:17.320" endtime="20220802 11:00:17.321"/>
</kw>
<status status="PASS" starttime="20220802 11:00:17.320" endtime="20220802 11:00:17.321"/>
</kw>
<kw name="validar Status Code &quot;400&quot;" library="common" sourcename="validar Status Code &quot;${statuscode}&quot;">
<kw name="Should Be True" library="BuiltIn">
<arg>${response.status_code} == ${status_code}</arg>
<doc>Fails if the given condition is not true.</doc>
<status status="PASS" starttime="20220802 11:00:17.322" endtime="20220802 11:00:17.323"/>
</kw>
<if>
<branch type="IF" condition="${response.status_code} == 200 or ${response.status_code} == 201">
<kw name="Log To Console" library="BuiltIn">
<arg>${yellow}Status Code Retornado:${yellow} ${green}${response.status_code}${green}</arg>
<doc>Logs the given message to the console.</doc>
<status status="NOT RUN" starttime="20220802 11:00:17.324" endtime="20220802 11:00:17.324"/>
</kw>
<status status="NOT RUN" starttime="20220802 11:00:17.324" endtime="20220802 11:00:17.324"/>
</branch>
<branch type="ELSE">
<kw name="Log To Console" library="BuiltIn">
<arg>${yellow}Status Code Retornado:${yellow} ${red}${response.status_code}${red}</arg>
<doc>Logs the given message to the console.</doc>
<status status="PASS" starttime="20220802 11:00:17.324" endtime="20220802 11:00:17.325"/>
</kw>
<status status="PASS" starttime="20220802 11:00:17.324" endtime="20220802 11:00:17.325"/>
</branch>
<status status="PASS" starttime="20220802 11:00:17.323" endtime="20220802 11:00:17.325"/>
</if>
<status status="PASS" starttime="20220802 11:00:17.322" endtime="20220802 11:00:17.326"/>
</kw>
<kw name="DELETE Endpoint /carrinhos Cancelar Compra" library="carrinhos_keywords">
<kw name="Create Dictionary" library="BuiltIn">
<var>${header}</var>
<arg>Authorization=${token_auth}</arg>
<doc>Creates and returns a dictionary based on the given ``items``.</doc>
<msg timestamp="20220802 11:00:17.327" level="INFO">${header} = {'Authorization': 'Bearer eyJhbGciOiJIUzI1NiIsInR5cCI6IkpXVCJ9.eyJlbWFpbCI6ImZ1bGFub0BxYS5jb20uYnIiLCJwYXNzd29yZCI6InRlc3RlIiwiaWF0IjoxNjU5NDQ4ODE3LCJleHAiOjE2NTk0NDk0MTd9.eu9cX8QT4mJgAhyoZj4gnd_a_nAB...</msg>
<status status="PASS" starttime="20220802 11:00:17.326" endtime="20220802 11:00:17.327"/>
</kw>
<kw name="DELETE On Session" library="RequestsLibrary">
<var>${response}</var>
<arg>serverest</arg>
<arg>/carrinhos/cancelar-compra</arg>
<arg>headers=${header}</arg>
<arg>expected_status=anything</arg>
<doc>Sends a DELETE request on a previously created HTTP Session.</doc>
<msg timestamp="20220802 11:00:17.332" level="INFO">DELETE Request : url=http://localhost:3000/carrinhos/cancelar-compra 
 path_url=/carrinhos/cancelar-compra 
 headers={'User-Agent': 'python-requests/2.28.1', 'Accept-Encoding': 'gzip, deflate', 'Accept': '*/*', 'Connection': 'keep-alive', 'Authorization': 'Bearer eyJhbGciOiJIUzI1NiIsInR5cCI6IkpXVCJ9.eyJlbWFpbCI6ImZ1bGFub0BxYS5jb20uYnIiLCJwYXNzd29yZCI6InRlc3RlIiwiaWF0IjoxNjU5NDQ4ODE3LCJleHAiOjE2NTk0NDk0MTd9.eu9cX8QT4mJgAhyoZj4gnd_a_nAB0wOzt3JjvObGjyo', 'Content-Length': '0'} 
 body=None 
 </msg>
<msg timestamp="20220802 11:00:17.333" level="INFO">DELETE Response : url=http://localhost:3000/carrinhos/cancelar-compra 
 status=200, reason=OK 
 headers={'Access-Control-Allow-Origin': '*', 'x-dns-prefetch-control': 'off', 'x-frame-options': 'SAMEORIGIN', 'strict-transport-security': 'max-age=15552000; includeSubDomains', 'x-download-options': 'noopen', 'x-content-type-options': 'nosniff', 'x-xss-protection': '1; mode=block', 'x-moesif-transaction-id': 'ff89b7fa-fd69-4204-9ff9-2188b8c9f4ab', 'Content-Type': 'application/json; charset=utf-8', 'Content-Length': '86', 'Date': 'Tue, 02 Aug 2022 14:00:17 GMT', 'Connection': 'keep-alive', 'Keep-Alive': 'timeout=5'} 
 body={
    "message": "Registro excluído com sucesso. Estoque dos produtos reabastecido"
} 
 </msg>
<msg timestamp="20220802 11:00:17.333" level="INFO">${response} = &lt;Response [200]&gt;</msg>
<status status="PASS" starttime="20220802 11:00:17.327" endtime="20220802 11:00:17.333"/>
</kw>
<kw name="Set Global Variable" library="BuiltIn">
<arg>${response}</arg>
<doc>Makes a variable available globally in all tests and suites.</doc>
<msg timestamp="20220802 11:00:17.334" level="INFO">${response} = &lt;Response [200]&gt;</msg>
<status status="PASS" starttime="20220802 11:00:17.333" endtime="20220802 11:00:17.334"/>
</kw>
<status status="PASS" starttime="20220802 11:00:17.326" endtime="20220802 11:00:17.334"/>
</kw>
<tag>POST_CARRINHO_DUPLICIDADE</tag>
<status status="PASS" starttime="20220802 11:00:17.260" endtime="20220802 11:00:17.334"/>
</test>
<test id="s1-s1-t4" name="Cenario: POST Carrinho Produto Nao Encontrado 400" line="48">
<kw name="Iniciar cores de resposta" library="common">
<kw name="Evaluate" library="BuiltIn">
<var>${red}</var>
<arg>${RED}</arg>
<doc>Evaluates the given expression in Python and returns the result.</doc>
<msg timestamp="20220802 11:00:17.336" level="INFO">${red} = [31m</msg>
<status status="PASS" starttime="20220802 11:00:17.336" endtime="20220802 11:00:17.336"/>
</kw>
<kw name="Set Test Variable" library="BuiltIn">
<arg>${red}</arg>
<doc>Makes a variable available everywhere within the scope of the current test.</doc>
<msg timestamp="20220802 11:00:17.336" level="INFO">${red} = [31m</msg>
<status status="PASS" starttime="20220802 11:00:17.336" endtime="20220802 11:00:17.336"/>
</kw>
<kw name="Evaluate" library="BuiltIn">
<var>${yellow}</var>
<arg>${YELLOW}</arg>
<doc>Evaluates the given expression in Python and returns the result.</doc>
<msg timestamp="20220802 11:00:17.337" level="INFO">${yellow} = [33m</msg>
<status status="PASS" starttime="20220802 11:00:17.337" endtime="20220802 11:00:17.337"/>
</kw>
<kw name="Set Test Variable" library="BuiltIn">
<arg>${yellow}</arg>
<doc>Makes a variable available everywhere within the scope of the current test.</doc>
<msg timestamp="20220802 11:00:17.337" level="INFO">${yellow} = [33m</msg>
<status status="PASS" starttime="20220802 11:00:17.337" endtime="20220802 11:00:17.337"/>
</kw>
<kw name="Evaluate" library="BuiltIn">
<var>${green}</var>
<arg>${GREEN}</arg>
<doc>Evaluates the given expression in Python and returns the result.</doc>
<msg timestamp="20220802 11:00:17.338" level="INFO">${green} = [32m</msg>
<status status="PASS" starttime="20220802 11:00:17.338" endtime="20220802 11:00:17.338"/>
</kw>
<kw name="Set Test Variable" library="BuiltIn">
<arg>${green}</arg>
<doc>Makes a variable available everywhere within the scope of the current test.</doc>
<msg timestamp="20220802 11:00:17.339" level="INFO">${green} = [32m</msg>
<status status="PASS" starttime="20220802 11:00:17.338" endtime="20220802 11:00:17.339"/>
</kw>
<status status="PASS" starttime="20220802 11:00:17.335" endtime="20220802 11:00:17.339"/>
</kw>
<kw name="POST Login Valido Usando FUNCAO" library="login_keywords">
<kw name="Login Padrao" library="library_python">
<var>${json}</var>
<msg timestamp="20220802 11:00:17.344" level="INFO">${json} = {'email': 'fulano@qa.com.br', 'password': 'teste'}</msg>
<status status="PASS" starttime="20220802 11:00:17.339" endtime="20220802 11:00:17.344"/>
</kw>
<kw name="Set Variable" library="BuiltIn">
<var>${payload}</var>
<arg>${json}</arg>
<doc>Returns the given values which can then be assigned to a variables.</doc>
<msg timestamp="20220802 11:00:17.345" level="INFO">${payload} = {'email': 'fulano@qa.com.br', 'password': 'teste'}</msg>
<status status="PASS" starttime="20220802 11:00:17.344" endtime="20220802 11:00:17.345"/>
</kw>
<kw name="Set Global Variable" library="BuiltIn">
<arg>${payload}</arg>
<doc>Makes a variable available globally in all tests and suites.</doc>
<msg timestamp="20220802 11:00:17.346" level="INFO">${payload} = {'email': 'fulano@qa.com.br', 'password': 'teste'}</msg>
<status status="PASS" starttime="20220802 11:00:17.345" endtime="20220802 11:00:17.346"/>
</kw>
<kw name="POST Endpoint /login" library="login_keywords">
<kw name="POST On Session" library="RequestsLibrary">
<var>${response}</var>
<arg>serverest</arg>
<arg>/login</arg>
<arg>json=&amp;{payload}</arg>
<arg>expected_status=anything</arg>
<doc>Sends a POST request on a previously created HTTP Session.</doc>
<msg timestamp="20220802 11:00:17.351" level="INFO">POST Request : url=http://localhost:3000/login 
 path_url=/login 
 headers={'User-Agent': 'python-requests/2.28.1', 'Accept-Encoding': 'gzip, deflate', 'Accept': '*/*', 'Connection': 'keep-alive', 'Content-Length': '50', 'Content-Type': 'application/json'} 
 body=b'{"email": "fulano@qa.com.br", "password": "teste"}' 
 </msg>
<msg timestamp="20220802 11:00:17.351" level="INFO">POST Response : url=http://localhost:3000/login 
 status=200, reason=OK 
 headers={'Access-Control-Allow-Origin': '*', 'x-dns-prefetch-control': 'off', 'x-frame-options': 'SAMEORIGIN', 'strict-transport-security': 'max-age=15552000; includeSubDomains', 'x-download-options': 'noopen', 'x-content-type-options': 'nosniff', 'x-xss-protection': '1; mode=block', 'x-moesif-transaction-id': 'ff915b2a-d608-4c44-9a89-52d22779bc86', 'Content-Type': 'application/json; charset=utf-8', 'Content-Length': '269', 'Date': 'Tue, 02 Aug 2022 14:00:17 GMT', 'Connection': 'keep-alive', 'Keep-Alive': 'timeout=5'} 
 body={
    "message": "Login realizado com sucesso",
    "authorization": "Bearer eyJhbGciOiJIUzI1NiIsInR5cCI6IkpXVCJ9.eyJlbWFpbCI6ImZ1bGFub0BxYS5jb20uYnIiLCJwYXNzd29yZCI6InRlc3RlIiwiaWF0IjoxNjU5NDQ4ODE3LCJleHAiOjE2NTk0NDk0MTd9.eu9cX8QT4mJgAhyoZj4gnd_a_nAB0wOzt3JjvObGjyo"
} 
 </msg>
<msg timestamp="20220802 11:00:17.351" level="INFO">${response} = &lt;Response [200]&gt;</msg>
<status status="PASS" starttime="20220802 11:00:17.346" endtime="20220802 11:00:17.351"/>
</kw>
<if>
<branch type="IF" condition="${response.status_code} == 200">
<kw name="Set Variable" library="BuiltIn">
<var>${token_auth}</var>
<arg>${response.json()["authorization"]}</arg>
<doc>Returns the given values which can then be assigned to a variables.</doc>
<msg timestamp="20220802 11:00:17.353" level="INFO">${token_auth} = Bearer eyJhbGciOiJIUzI1NiIsInR5cCI6IkpXVCJ9.eyJlbWFpbCI6ImZ1bGFub0BxYS5jb20uYnIiLCJwYXNzd29yZCI6InRlc3RlIiwiaWF0IjoxNjU5NDQ4ODE3LCJleHAiOjE2NTk0NDk0MTd9.eu9cX8QT4mJgAhyoZj4gnd_a_nAB0wOzt3JjvObGjyo</msg>
<status status="PASS" starttime="20220802 11:00:17.352" endtime="20220802 11:00:17.353"/>
</kw>
<kw name="Set Global Variable" library="BuiltIn">
<arg>${token_auth}</arg>
<doc>Makes a variable available globally in all tests and suites.</doc>
<msg timestamp="20220802 11:00:17.354" level="INFO">${token_auth} = Bearer eyJhbGciOiJIUzI1NiIsInR5cCI6IkpXVCJ9.eyJlbWFpbCI6ImZ1bGFub0BxYS5jb20uYnIiLCJwYXNzd29yZCI6InRlc3RlIiwiaWF0IjoxNjU5NDQ4ODE3LCJleHAiOjE2NTk0NDk0MTd9.eu9cX8QT4mJgAhyoZj4gnd_a_nAB0wOzt3JjvObGjyo</msg>
<status status="PASS" starttime="20220802 11:00:17.353" endtime="20220802 11:00:17.354"/>
</kw>
<status status="PASS" starttime="20220802 11:00:17.352" endtime="20220802 11:00:17.354"/>
</branch>
<status status="PASS" starttime="20220802 11:00:17.351" endtime="20220802 11:00:17.354"/>
</if>
<kw name="Set Global Variable" library="BuiltIn">
<arg>${response}</arg>
<doc>Makes a variable available globally in all tests and suites.</doc>
<msg timestamp="20220802 11:00:17.354" level="INFO">${response} = &lt;Response [200]&gt;</msg>
<status status="PASS" starttime="20220802 11:00:17.354" endtime="20220802 11:00:17.354"/>
</kw>
<status status="PASS" starttime="20220802 11:00:17.346" endtime="20220802 11:00:17.354"/>
</kw>
<status status="PASS" starttime="20220802 11:00:17.339" endtime="20220802 11:00:17.355"/>
</kw>
<kw name="POST Cadastro Carrinho Produto Nao Encontrado" library="carrinhos_keywords">
<kw name="Importar Json Estatico" library="common">
<var>${json}</var>
<arg>massa_carrinho.json</arg>
<kw name="Get File" library="OperatingSystem">
<var>${arquivo}</var>
<arg>${EXECDIR}/support/fixtures/estatic/${nome_arquivo}</arg>
<doc>Returns the contents of a specified file.</doc>
<msg timestamp="20220802 11:00:17.356" level="INFO" html="true">Getting file '&lt;a href="file:///home/neybackes/Documentos/Robotron_NeyBackes_ProjetoFInal (area_teste)/support/fixtures/estatic/massa_carrinho.json"&gt;/home/neybackes/Documentos/Robotron_NeyBackes_ProjetoFInal (area_teste)/support/fixtures/estatic/massa_carrinho.json&lt;/a&gt;'.</msg>
<msg timestamp="20220802 11:00:17.357" level="INFO">${arquivo} = {"carrinhos_valido": {

    "produtos": [
        {
            "idProduto": "BeeJh5lz3k6kSIzA",
            "quantidade": 2
            
        }
    ]

},
"carrinhos_produto_repetido": {

    "prod...</msg>
<status status="PASS" starttime="20220802 11:00:17.356" endtime="20220802 11:00:17.357"/>
</kw>
<kw name="Evaluate" library="BuiltIn">
<var>${data}</var>
<arg>json.loads('''${arquivo}''')</arg>
<arg>json</arg>
<doc>Evaluates the given expression in Python and returns the result.</doc>
<msg timestamp="20220802 11:00:17.358" level="INFO">${data} = {'carrinhos_valido': {'produtos': [{'idProduto': 'BeeJh5lz3k6kSIzA', 'quantidade': 2}]}, 'carrinhos_produto_repetido': {'produtos': [{'idProduto': 'BeeJh5lz3k6kSIzA', 'quantidade': 2}, {'idProduto': '...</msg>
<status status="PASS" starttime="20220802 11:00:17.357" endtime="20220802 11:00:17.358"/>
</kw>
<msg timestamp="20220802 11:00:17.358" level="INFO">${json} = {'carrinhos_valido': {'produtos': [{'idProduto': 'BeeJh5lz3k6kSIzA', 'quantidade': 2}]}, 'carrinhos_produto_repetido': {'produtos': [{'idProduto': 'BeeJh5lz3k6kSIzA', 'quantidade': 2}, {'idProduto': '...</msg>
<status status="PASS" starttime="20220802 11:00:17.355" endtime="20220802 11:00:17.358"/>
</kw>
<kw name="Set Variable" library="BuiltIn">
<var>${payload}</var>
<arg>${json["carrinhos_id_invalido"]}</arg>
<doc>Returns the given values which can then be assigned to a variables.</doc>
<msg timestamp="20220802 11:00:17.359" level="INFO">${payload} = {'produtos': [{'idProduto': 'sem_id_valido', 'quantidade': 2}]}</msg>
<status status="PASS" starttime="20220802 11:00:17.358" endtime="20220802 11:00:17.359"/>
</kw>
<kw name="Set Global Variable" library="BuiltIn">
<arg>${payload}</arg>
<doc>Makes a variable available globally in all tests and suites.</doc>
<msg timestamp="20220802 11:00:17.360" level="INFO">${payload} = {'produtos': [{'idProduto': 'sem_id_valido', 'quantidade': 2}]}</msg>
<status status="PASS" starttime="20220802 11:00:17.360" endtime="20220802 11:00:17.360"/>
</kw>
<kw name="POST Endpoint Carrinho" library="carrinhos_keywords">
<kw name="Create Dictionary" library="BuiltIn">
<var>${header}</var>
<arg>Authorization=${token_auth}</arg>
<doc>Creates and returns a dictionary based on the given ``items``.</doc>
<msg timestamp="20220802 11:00:17.362" level="INFO">${header} = {'Authorization': 'Bearer eyJhbGciOiJIUzI1NiIsInR5cCI6IkpXVCJ9.eyJlbWFpbCI6ImZ1bGFub0BxYS5jb20uYnIiLCJwYXNzd29yZCI6InRlc3RlIiwiaWF0IjoxNjU5NDQ4ODE3LCJleHAiOjE2NTk0NDk0MTd9.eu9cX8QT4mJgAhyoZj4gnd_a_nAB...</msg>
<status status="PASS" starttime="20220802 11:00:17.361" endtime="20220802 11:00:17.362"/>
</kw>
<kw name="POST On Session" library="RequestsLibrary">
<var>${response}</var>
<arg>serverest</arg>
<arg>/carrinhos</arg>
<arg>json=${payload}</arg>
<arg>headers=${header}</arg>
<arg>expected_status=anything</arg>
<doc>Sends a POST request on a previously created HTTP Session.</doc>
<msg timestamp="20220802 11:00:17.368" level="INFO">POST Request : url=http://localhost:3000/carrinhos 
 path_url=/carrinhos 
 headers={'User-Agent': 'python-requests/2.28.1', 'Accept-Encoding': 'gzip, deflate', 'Accept': '*/*', 'Connection': 'keep-alive', 'Authorization': 'Bearer eyJhbGciOiJIUzI1NiIsInR5cCI6IkpXVCJ9.eyJlbWFpbCI6ImZ1bGFub0BxYS5jb20uYnIiLCJwYXNzd29yZCI6InRlc3RlIiwiaWF0IjoxNjU5NDQ4ODE3LCJleHAiOjE2NTk0NDk0MTd9.eu9cX8QT4mJgAhyoZj4gnd_a_nAB0wOzt3JjvObGjyo', 'Content-Length': '63', 'Content-Type': 'application/json'} 
 body=b'{"produtos": [{"idProduto": "sem_id_valido", "quantidade": 2}]}' 
 </msg>
<msg timestamp="20220802 11:00:17.368" level="INFO">POST Response : url=http://localhost:3000/carrinhos 
 status=400, reason=Bad Request 
 headers={'Access-Control-Allow-Origin': '*', 'x-dns-prefetch-control': 'off', 'x-frame-options': 'SAMEORIGIN', 'strict-transport-security': 'max-age=15552000; includeSubDomains', 'x-download-options': 'noopen', 'x-content-type-options': 'nosniff', 'x-xss-protection': '1; mode=block', 'x-moesif-transaction-id': '2b2cba67-039e-468d-841a-3b5b757f0e43', 'Content-Type': 'application/json; charset=utf-8', 'Content-Length': '147', 'Date': 'Tue, 02 Aug 2022 14:00:17 GMT', 'Connection': 'keep-alive', 'Keep-Alive': 'timeout=5'} 
 body={
    "message": "Produto não encontrado",
    "item": {
        "idProduto": "sem_id_valido",
        "quantidade": 2,
        "index": 0
    }
} 
 </msg>
<msg timestamp="20220802 11:00:17.368" level="INFO">${response} = &lt;Response [400]&gt;</msg>
<status status="PASS" starttime="20220802 11:00:17.362" endtime="20220802 11:00:17.368"/>
</kw>
<kw name="Set Global Variable" library="BuiltIn">
<arg>${response}</arg>
<doc>Makes a variable available globally in all tests and suites.</doc>
<msg timestamp="20220802 11:00:17.369" level="INFO">${response} = &lt;Response [400]&gt;</msg>
<status status="PASS" starttime="20220802 11:00:17.369" endtime="20220802 11:00:17.369"/>
</kw>
<if>
<branch type="IF" condition="${response.status_code} == 201">
<kw name="Set Variable" library="BuiltIn">
<var>${carrinho_id}</var>
<arg>${response.json()["_id"]}</arg>
<doc>Returns the given values which can then be assigned to a variables.</doc>
<status status="NOT RUN" starttime="20220802 11:00:17.370" endtime="20220802 11:00:17.370"/>
</kw>
<kw name="Set Global Variable" library="BuiltIn">
<arg>${carrinho_id}</arg>
<doc>Makes a variable available globally in all tests and suites.</doc>
<status status="NOT RUN" starttime="20220802 11:00:17.370" endtime="20220802 11:00:17.370"/>
</kw>
<status status="NOT RUN" starttime="20220802 11:00:17.370" endtime="20220802 11:00:17.370"/>
</branch>
<status status="PASS" starttime="20220802 11:00:17.369" endtime="20220802 11:00:17.370"/>
</if>
<status status="PASS" starttime="20220802 11:00:17.360" endtime="20220802 11:00:17.370"/>
</kw>
<status status="PASS" starttime="20220802 11:00:17.355" endtime="20220802 11:00:17.371"/>
</kw>
<kw name="Imprimir Carrinho Response.Content" library="carrinhos_keywords">
<if>
<branch type="IF" condition="${response.status_code} == 200 or ${response.status_code} == 201">
<kw name="Log To Console" library="BuiltIn">
<arg>${yellow}Resposta para Cadastro de Carrino:${yellow} ${green}${response.content}${green}</arg>
<doc>Logs the given message to the console.</doc>
<status status="NOT RUN" starttime="20220802 11:00:17.372" endtime="20220802 11:00:17.372"/>
</kw>
<status status="NOT RUN" starttime="20220802 11:00:17.372" endtime="20220802 11:00:17.372"/>
</branch>
<branch type="ELSE">
<kw name="Log To Console" library="BuiltIn">
<arg>${yellow}Resposta para Cadastro de Carrinho:${yellow} ${red}${response.content}${red}</arg>
<doc>Logs the given message to the console.</doc>
<status status="PASS" starttime="20220802 11:00:17.373" endtime="20220802 11:00:17.374"/>
</kw>
[...]
<msg timestamp="20220802 11:00:19.510" level="INFO">${token_auth} = Bearer eyJhbGciOiJIUzI1NiIsInR5cCI6IkpXVCJ9.eyJlbWFpbCI6ImZ1bGFub0BxYS5jb20uYnIiLCJwYXNzd29yZCI6InRlc3RlIiwiaWF0IjoxNjU5NDQ4ODE5LCJleHAiOjE2NTk0NDk0MTl9.3AJzl10Nmnn7jHyJe8s5f79tWQYrry8rKLOmsSuA21Y</msg>
<status status="PASS" starttime="20220802 11:00:19.509" endtime="20220802 11:00:19.510"/>
</kw>
<status status="PASS" starttime="20220802 11:00:19.508" endtime="20220802 11:00:19.510"/>
</branch>
<status status="PASS" starttime="20220802 11:00:19.507" endtime="20220802 11:00:19.510"/>
</if>
<kw name="Set Global Variable" library="BuiltIn">
<arg>${response}</arg>
<doc>Makes a variable available globally in all tests and suites.</doc>
<msg timestamp="20220802 11:00:19.510" level="INFO">${response} = &lt;Response [200]&gt;</msg>
<status status="PASS" starttime="20220802 11:00:19.510" endtime="20220802 11:00:19.510"/>
</kw>
<status status="PASS" starttime="20220802 11:00:19.502" endtime="20220802 11:00:19.510"/>
</kw>
<status status="PASS" starttime="20220802 11:00:19.495" endtime="20220802 11:00:19.510"/>
</kw>
<kw name="POST Cadastro Carrinho Estatico Valido" library="carrinhos_keywords">
<kw name="Importar Json Estatico" library="common">
<var>${json}</var>
<arg>massa_carrinho.json</arg>
<kw name="Get File" library="OperatingSystem">
<var>${arquivo}</var>
<arg>${EXECDIR}/support/fixtures/estatic/${nome_arquivo}</arg>
<doc>Returns the contents of a specified file.</doc>
<msg timestamp="20220802 11:00:19.512" level="INFO" html="true">Getting file '&lt;a href="file:///home/neybackes/Documentos/Robotron_NeyBackes_ProjetoFInal (area_teste)/support/fixtures/estatic/massa_carrinho.json"&gt;/home/neybackes/Documentos/Robotron_NeyBackes_ProjetoFInal (area_teste)/support/fixtures/estatic/massa_carrinho.json&lt;/a&gt;'.</msg>
<msg timestamp="20220802 11:00:19.512" level="INFO">${arquivo} = {"carrinhos_valido": {

    "produtos": [
        {
            "idProduto": "BeeJh5lz3k6kSIzA",
            "quantidade": 2
            
        }
    ]

},
"carrinhos_produto_repetido": {

    "prod...</msg>
<status status="PASS" starttime="20220802 11:00:19.511" endtime="20220802 11:00:19.512"/>
</kw>
<kw name="Evaluate" library="BuiltIn">
<var>${data}</var>
<arg>json.loads('''${arquivo}''')</arg>
<arg>json</arg>
<doc>Evaluates the given expression in Python and returns the result.</doc>
<msg timestamp="20220802 11:00:19.512" level="INFO">${data} = {'carrinhos_valido': {'produtos': [{'idProduto': 'BeeJh5lz3k6kSIzA', 'quantidade': 2}]}, 'carrinhos_produto_repetido': {'produtos': [{'idProduto': 'BeeJh5lz3k6kSIzA', 'quantidade': 2}, {'idProduto': '...</msg>
<status status="PASS" starttime="20220802 11:00:19.512" endtime="20220802 11:00:19.513"/>
</kw>
<msg timestamp="20220802 11:00:19.513" level="INFO">${json} = {'carrinhos_valido': {'produtos': [{'idProduto': 'BeeJh5lz3k6kSIzA', 'quantidade': 2}]}, 'carrinhos_produto_repetido': {'produtos': [{'idProduto': 'BeeJh5lz3k6kSIzA', 'quantidade': 2}, {'idProduto': '...</msg>
<status status="PASS" starttime="20220802 11:00:19.511" endtime="20220802 11:00:19.513"/>
</kw>
<kw name="Set Variable" library="BuiltIn">
<var>${payload}</var>
<arg>${json["carrinhos_valido"]}</arg>
<doc>Returns the given values which can then be assigned to a variables.</doc>
<msg timestamp="20220802 11:00:19.514" level="INFO">${payload} = {'produtos': [{'idProduto': 'BeeJh5lz3k6kSIzA', 'quantidade': 2}]}</msg>
<status status="PASS" starttime="20220802 11:00:19.513" endtime="20220802 11:00:19.514"/>
</kw>
<kw name="Set Global Variable" library="BuiltIn">
<arg>${payload}</arg>
<doc>Makes a variable available globally in all tests and suites.</doc>
<msg timestamp="20220802 11:00:19.514" level="INFO">${payload} = {'produtos': [{'idProduto': 'BeeJh5lz3k6kSIzA', 'quantidade': 2}]}</msg>
<status status="PASS" starttime="20220802 11:00:19.514" endtime="20220802 11:00:19.514"/>
</kw>
<kw name="POST Endpoint Carrinho" library="carrinhos_keywords">
<kw name="Create Dictionary" library="BuiltIn">
<var>${header}</var>
<arg>Authorization=${token_auth}</arg>
<doc>Creates and returns a dictionary based on the given ``items``.</doc>
<msg timestamp="20220802 11:00:19.515" level="INFO">${header} = {'Authorization': 'Bearer eyJhbGciOiJIUzI1NiIsInR5cCI6IkpXVCJ9.eyJlbWFpbCI6ImZ1bGFub0BxYS5jb20uYnIiLCJwYXNzd29yZCI6InRlc3RlIiwiaWF0IjoxNjU5NDQ4ODE5LCJleHAiOjE2NTk0NDk0MTl9.3AJzl10Nmnn7jHyJe8s5f79tWQYr...</msg>
<status status="PASS" starttime="20220802 11:00:19.515" endtime="20220802 11:00:19.515"/>
</kw>
<kw name="POST On Session" library="RequestsLibrary">
<var>${response}</var>
<arg>serverest</arg>
<arg>/carrinhos</arg>
<arg>json=${payload}</arg>
<arg>headers=${header}</arg>
<arg>expected_status=anything</arg>
<doc>Sends a POST request on a previously created HTTP Session.</doc>
<msg timestamp="20220802 11:00:19.524" level="INFO">POST Request : url=http://localhost:3000/carrinhos 
 path_url=/carrinhos 
 headers={'User-Agent': 'python-requests/2.28.1', 'Accept-Encoding': 'gzip, deflate', 'Accept': '*/*', 'Connection': 'keep-alive', 'Authorization': 'Bearer eyJhbGciOiJIUzI1NiIsInR5cCI6IkpXVCJ9.eyJlbWFpbCI6ImZ1bGFub0BxYS5jb20uYnIiLCJwYXNzd29yZCI6InRlc3RlIiwiaWF0IjoxNjU5NDQ4ODE5LCJleHAiOjE2NTk0NDk0MTl9.3AJzl10Nmnn7jHyJe8s5f79tWQYrry8rKLOmsSuA21Y', 'Content-Length': '66', 'Content-Type': 'application/json'} 
 body=b'{"produtos": [{"idProduto": "BeeJh5lz3k6kSIzA", "quantidade": 2}]}' 
 </msg>
<msg timestamp="20220802 11:00:19.524" level="INFO">POST Response : url=http://localhost:3000/carrinhos 
 status=201, reason=Created 
 headers={'Access-Control-Allow-Origin': '*', 'x-dns-prefetch-control': 'off', 'x-frame-options': 'SAMEORIGIN', 'strict-transport-security': 'max-age=15552000; includeSubDomains', 'x-download-options': 'noopen', 'x-content-type-options': 'nosniff', 'x-xss-protection': '1; mode=block', 'x-moesif-transaction-id': '45850d08-0c61-46dd-ad86-b1986b9f8504', 'Content-Type': 'application/json; charset=utf-8', 'Content-Length': '82', 'Date': 'Tue, 02 Aug 2022 14:00:19 GMT', 'Connection': 'keep-alive', 'Keep-Alive': 'timeout=5'} 
 body={
    "message": "Cadastro realizado com sucesso",
    "_id": "w2MGIxTP21jczQzB"
} 
 </msg>
<msg timestamp="20220802 11:00:19.524" level="INFO">${response} = &lt;Response [201]&gt;</msg>
<status status="PASS" starttime="20220802 11:00:19.515" endtime="20220802 11:00:19.524"/>
</kw>
<kw name="Set Global Variable" library="BuiltIn">
<arg>${response}</arg>
<doc>Makes a variable available globally in all tests and suites.</doc>
<msg timestamp="20220802 11:00:19.525" level="INFO">${response} = &lt;Response [201]&gt;</msg>
<status status="PASS" starttime="20220802 11:00:19.525" endtime="20220802 11:00:19.525"/>
</kw>
<if>
<branch type="IF" condition="${response.status_code} == 201">
<kw name="Set Variable" library="BuiltIn">
<var>${carrinho_id}</var>
<arg>${response.json()["_id"]}</arg>
<doc>Returns the given values which can then be assigned to a variables.</doc>
<msg timestamp="20220802 11:00:19.527" level="INFO">${carrinho_id} = w2MGIxTP21jczQzB</msg>
<status status="PASS" starttime="20220802 11:00:19.526" endtime="20220802 11:00:19.527"/>
</kw>
<kw name="Set Global Variable" library="BuiltIn">
<arg>${carrinho_id}</arg>
<doc>Makes a variable available globally in all tests and suites.</doc>
<msg timestamp="20220802 11:00:19.527" level="INFO">${carrinho_id} = w2MGIxTP21jczQzB</msg>
<status status="PASS" starttime="20220802 11:00:19.527" endtime="20220802 11:00:19.527"/>
</kw>
<status status="PASS" starttime="20220802 11:00:19.526" endtime="20220802 11:00:19.527"/>
</branch>
<status status="PASS" starttime="20220802 11:00:19.525" endtime="20220802 11:00:19.527"/>
</if>
<status status="PASS" starttime="20220802 11:00:19.514" endtime="20220802 11:00:19.528"/>
</kw>
<status status="PASS" starttime="20220802 11:00:19.511" endtime="20220802 11:00:19.528"/>
</kw>
<kw name="DELETE Endpoint /usuarios Carrinho Cadastrado" library="user_keywords">
<kw name="Buscar Usuario" library="library_python">
<var>${json}</var>
<msg timestamp="20220802 11:00:19.533" level="INFO">${json} = yye3Nsu6ijLw2AS9</msg>
<status status="PASS" starttime="20220802 11:00:19.528" endtime="20220802 11:00:19.533"/>
</kw>
<kw name="DELETE On Session" library="RequestsLibrary">
<var>${response}</var>
<arg>serverest</arg>
<arg>/usuarios/${json}</arg>
<arg>expected_status=anything</arg>
<doc>Sends a DELETE request on a previously created HTTP Session.</doc>
<msg timestamp="20220802 11:00:19.536" level="INFO">DELETE Request : url=http://localhost:3000/usuarios/yye3Nsu6ijLw2AS9 
 path_url=/usuarios/yye3Nsu6ijLw2AS9 
 headers={'User-Agent': 'python-requests/2.28.1', 'Accept-Encoding': 'gzip, deflate', 'Accept': '*/*', 'Connection': 'keep-alive', 'Content-Length': '0'} 
 body=None 
 </msg>
<msg timestamp="20220802 11:00:19.537" level="INFO">DELETE Response : url=http://localhost:3000/usuarios/yye3Nsu6ijLw2AS9 
 status=400, reason=Bad Request 
 headers={'Access-Control-Allow-Origin': '*', 'x-dns-prefetch-control': 'off', 'x-frame-options': 'SAMEORIGIN', 'strict-transport-security': 'max-age=15552000; includeSubDomains', 'x-download-options': 'noopen', 'x-content-type-options': 'nosniff', 'x-xss-protection': '1; mode=block', 'x-moesif-transaction-id': '1245d077-cf53-46c6-b68e-bc13521b0164', 'Content-Type': 'application/json; charset=utf-8', 'Content-Length': '117', 'Date': 'Tue, 02 Aug 2022 14:00:19 GMT', 'Connection': 'keep-alive', 'Keep-Alive': 'timeout=5'} 
 body={
    "message": "Não é permitido excluir usuário com carrinho cadastrado",
    "idCarrinho": "w2MGIxTP21jczQzB"
} 
 </msg>
<msg timestamp="20220802 11:00:19.537" level="INFO">${response} = &lt;Response [400]&gt;</msg>
<status status="PASS" starttime="20220802 11:00:19.533" endtime="20220802 11:00:19.537"/>
</kw>
<kw name="Set Global Variable" library="BuiltIn">
<arg>${response}</arg>
<doc>Makes a variable available globally in all tests and suites.</doc>
<msg timestamp="20220802 11:00:19.537" level="INFO">${response} = &lt;Response [400]&gt;</msg>
<status status="PASS" starttime="20220802 11:00:19.537" endtime="20220802 11:00:19.537"/>
</kw>
<status status="PASS" starttime="20220802 11:00:19.528" endtime="20220802 11:00:19.538"/>
</kw>
<kw name="Imprimir Delete Usuario Response.Content" library="user_keywords">
<kw name="Log To Console" library="BuiltIn">
<arg>${yellow}Resposta para Usuario Deletado:${yellow} ${red}${response.content}${red}</arg>
<doc>Logs the given message to the console.</doc>
<status status="PASS" starttime="20220802 11:00:19.538" endtime="20220802 11:00:19.539"/>
</kw>
<status status="PASS" starttime="20220802 11:00:19.538" endtime="20220802 11:00:19.540"/>
</kw>
<kw name="Resposta Delete Usuario Carrinho Cadastrado" library="user_keywords">
<kw name="Should Be Equal" library="BuiltIn">
<arg>${response.json()["message"]}</arg>
<arg>Não é permitido excluir usuário com carrinho cadastrado</arg>
<doc>Fails if the given objects are unequal.</doc>
<status status="PASS" starttime="20220802 11:00:19.540" endtime="20220802 11:00:19.541"/>
</kw>
<kw name="Should Not Be Empty" library="BuiltIn">
<arg>${response.json()["idCarrinho"]}</arg>
<doc>Verifies that the given item is not empty.</doc>
<msg timestamp="20220802 11:00:19.542" level="INFO">Length is 16</msg>
<status status="PASS" starttime="20220802 11:00:19.541" endtime="20220802 11:00:19.542"/>
</kw>
<status status="PASS" starttime="20220802 11:00:19.540" endtime="20220802 11:00:19.542"/>
</kw>
<kw name="validar Status Code &quot;400&quot;" library="common" sourcename="validar Status Code &quot;${statuscode}&quot;">
<kw name="Should Be True" library="BuiltIn">
<arg>${response.status_code} == ${status_code}</arg>
<doc>Fails if the given condition is not true.</doc>
<status status="PASS" starttime="20220802 11:00:19.543" endtime="20220802 11:00:19.544"/>
</kw>
<if>
<branch type="IF" condition="${response.status_code} == 200 or ${response.status_code} == 201">
<kw name="Log To Console" library="BuiltIn">
<arg>${yellow}Status Code Retornado:${yellow} ${green}${response.status_code}${green}</arg>
<doc>Logs the given message to the console.</doc>
<status status="NOT RUN" starttime="20220802 11:00:19.546" endtime="20220802 11:00:19.546"/>
</kw>
<status status="NOT RUN" starttime="20220802 11:00:19.545" endtime="20220802 11:00:19.546"/>
</branch>
<branch type="ELSE">
<kw name="Log To Console" library="BuiltIn">
<arg>${yellow}Status Code Retornado:${yellow} ${red}${response.status_code}${red}</arg>
<doc>Logs the given message to the console.</doc>
<status status="PASS" starttime="20220802 11:00:19.546" endtime="20220802 11:00:19.547"/>
</kw>
<status status="PASS" starttime="20220802 11:00:19.546" endtime="20220802 11:00:19.547"/>
</branch>
<status status="PASS" starttime="20220802 11:00:19.544" endtime="20220802 11:00:19.547"/>
</if>
<status status="PASS" starttime="20220802 11:00:19.543" endtime="20220802 11:00:19.547"/>
</kw>
<kw name="DELETE Endpoint /carrinhos Cancelar Compra" library="carrinhos_keywords">
<kw name="Create Dictionary" library="BuiltIn">
<var>${header}</var>
<arg>Authorization=${token_auth}</arg>
<doc>Creates and returns a dictionary based on the given ``items``.</doc>
<msg timestamp="20220802 11:00:19.549" level="INFO">${header} = {'Authorization': 'Bearer eyJhbGciOiJIUzI1NiIsInR5cCI6IkpXVCJ9.eyJlbWFpbCI6ImZ1bGFub0BxYS5jb20uYnIiLCJwYXNzd29yZCI6InRlc3RlIiwiaWF0IjoxNjU5NDQ4ODE5LCJleHAiOjE2NTk0NDk0MTl9.3AJzl10Nmnn7jHyJe8s5f79tWQYr...</msg>
<status status="PASS" starttime="20220802 11:00:19.548" endtime="20220802 11:00:19.549"/>
</kw>
<kw name="DELETE On Session" library="RequestsLibrary">
<var>${response}</var>
<arg>serverest</arg>
<arg>/carrinhos/cancelar-compra</arg>
<arg>headers=${header}</arg>
<arg>expected_status=anything</arg>
<doc>Sends a DELETE request on a previously created HTTP Session.</doc>
<msg timestamp="20220802 11:00:19.554" level="INFO">DELETE Request : url=http://localhost:3000/carrinhos/cancelar-compra 
 path_url=/carrinhos/cancelar-compra 
 headers={'User-Agent': 'python-requests/2.28.1', 'Accept-Encoding': 'gzip, deflate', 'Accept': '*/*', 'Connection': 'keep-alive', 'Authorization': 'Bearer eyJhbGciOiJIUzI1NiIsInR5cCI6IkpXVCJ9.eyJlbWFpbCI6ImZ1bGFub0BxYS5jb20uYnIiLCJwYXNzd29yZCI6InRlc3RlIiwiaWF0IjoxNjU5NDQ4ODE5LCJleHAiOjE2NTk0NDk0MTl9.3AJzl10Nmnn7jHyJe8s5f79tWQYrry8rKLOmsSuA21Y', 'Content-Length': '0'} 
 body=None 
 </msg>
<msg timestamp="20220802 11:00:19.554" level="INFO">DELETE Response : url=http://localhost:3000/carrinhos/cancelar-compra 
 status=200, reason=OK 
 headers={'Access-Control-Allow-Origin': '*', 'x-dns-prefetch-control': 'off', 'x-frame-options': 'SAMEORIGIN', 'strict-transport-security': 'max-age=15552000; includeSubDomains', 'x-download-options': 'noopen', 'x-content-type-options': 'nosniff', 'x-xss-protection': '1; mode=block', 'x-moesif-transaction-id': '474cedb9-fc93-4263-a70b-6223c8c3e3d5', 'Content-Type': 'application/json; charset=utf-8', 'Content-Length': '86', 'Date': 'Tue, 02 Aug 2022 14:00:19 GMT', 'Connection': 'keep-alive', 'Keep-Alive': 'timeout=5'} 
 body={
    "message": "Registro excluído com sucesso. Estoque dos produtos reabastecido"
} 
 </msg>
<msg timestamp="20220802 11:00:19.554" level="INFO">${response} = &lt;Response [200]&gt;</msg>
<status status="PASS" starttime="20220802 11:00:19.549" endtime="20220802 11:00:19.554"/>
</kw>
<kw name="Set Global Variable" library="BuiltIn">
<arg>${response}</arg>
<doc>Makes a variable available globally in all tests and suites.</doc>
<msg timestamp="20220802 11:00:19.555" level="INFO">${response} = &lt;Response [200]&gt;</msg>
<status status="PASS" starttime="20220802 11:00:19.555" endtime="20220802 11:00:19.555"/>
</kw>
<status status="PASS" starttime="20220802 11:00:19.547" endtime="20220802 11:00:19.555"/>
</kw>
<tag>DELETE_USUARIO_CARRINHO_CADASTRADO</tag>
<status status="PASS" starttime="20220802 11:00:19.491" endtime="20220802 11:00:19.556"/>
</test>
<doc>Arquivos de teste para o endpoint de /usuarios</doc>
<status status="PASS" starttime="20220802 11:00:19.176" endtime="20220802 11:00:19.556"/>
</suite>
<status status="PASS" starttime="20220802 11:00:16.676" endtime="20220802 11:00:19.558"/>
</suite>
<statistics>
<total>
<stat pass="52" fail="0" skip="0">All Tests</stat>
</total>
<tag>
<stat pass="1" fail="0" skip="0">DELETE_CANCELAR_COMPRA</stat>
<stat pass="1" fail="0" skip="0">DELETE_CANCELAR_COMPRA_CARRINHO_NAO_CADASTRADO</stat>
<stat pass="1" fail="0" skip="0">DELETE_CANCELAR_COMPRA_TOKEN_INVALIDO</stat>
<stat pass="2" fail="0" skip="0">DELETE_COMPRA_TOKEN_USUARIO_EXCLUIDO</stat>
<stat pass="1" fail="0" skip="0">DELETE_CONCLUIR_COMPRA</stat>
<stat pass="1" fail="0" skip="0">DELETE_CONCLUIR_COMPRA_CARRINHO_NAO_CADASTRADO</stat>
<stat pass="1" fail="0" skip="0">DELETE_CONCLUIR_COMPRA_TOKEN_INVALIDO</stat>
<stat pass="1" fail="0" skip="0">DELETE_PRODUTO</stat>
<stat pass="1" fail="0" skip="0">DELETE_PRODUTO_CARRINHO_CADASTRADO</stat>
<stat pass="1" fail="0" skip="0">DELETE_PRODUTO_ID_INEXISTENTE</stat>
<stat pass="1" fail="0" skip="0">DELETE_PRODUTO_TOKEN_INVALIDO</stat>
<stat pass="1" fail="0" skip="0">DELETE_PRODUTO_TOKE_USUARIO_EXCLUIDO</stat>
<stat pass="1" fail="0" skip="0">DELETE_USUARIO</stat>
<stat pass="1" fail="0" skip="0">DELETE_USUARIO_CARRINHO_CADASTRADO</stat>
<stat pass="1" fail="0" skip="0">DELETE_USUARIO_ID_INEXISTENTE</stat>
<stat pass="1" fail="0" skip="0">GET_LISTAR_CARRINHOS</stat>
<stat pass="2" fail="0" skip="0">GET_PRODUTO_ID</stat>
<stat pass="1" fail="0" skip="0">GET_PRODUTO_ID_NAO_ENCONTRADO</stat>
<stat pass="1" fail="0" skip="0">GET_PRODUTOS</stat>
<stat pass="1" fail="0" skip="0">GET_PRODUTO_SEM_ID</stat>
<stat pass="1" fail="0" skip="0">GET_USUARIO_ID</stat>
<stat pass="1" fail="0" skip="0">GET_USUARIO_ID_NAO_ENCONTRADO</stat>
<stat pass="1" fail="0" skip="0">GET_USUARIOS</stat>
<stat pass="1" fail="0" skip="0">POST_CARRINHO</stat>
<stat pass="1" fail="0" skip="0">POST_CARRINHO_DUPLICIDADE</stat>
<stat pass="1" fail="0" skip="0">POST_CARRINHO_PRODUTO_DUPLICADO</stat>
<stat pass="1" fail="0" skip="0">POST_CARRINHO_PRODUTO_INSUFICIENTE</stat>
<stat pass="1" fail="0" skip="0">POST_CARRINHO_PRODUTO_NAO_ENCONTRADO</stat>
<stat pass="1" fail="0" skip="0">POST_CARRINHO_TOKEN_INVALIDO</stat>
<stat pass="1" fail="0" skip="0">POST_LOGIN</stat>
<stat pass="1" fail="0" skip="0">POST_LOGIN_INVALIDO</stat>
<stat pass="1" fail="0" skip="0">POST_LOGIN_SEM_EMAIL</stat>
<stat pass="1" fail="0" skip="0">POST_LOGIN_SEM_SENHA</stat>
<stat pass="1" fail="0" skip="0">POST_PRODUTO</stat>
<stat pass="1" fail="0" skip="0">POST_PRODUTO_ADM_FALSE</stat>
<stat pass="1" fail="0" skip="0">POST_PRODUTO_TOKEN_INVALIDO</stat>
<stat pass="1" fail="0" skip="0">POST_PRODUTREPETIDO</stat>
<stat pass="2" fail="0" skip="0">POST_TOKEN_USUARIO_EXCLUIDO</stat>
<stat pass="1" fail="0" skip="0">POST_USUARIO</stat>
<stat pass="1" fail="0" skip="0">POST_USUARIO_EMAIL_REPETIDO</stat>
<stat pass="1" fail="0" skip="0">PUT_PRODUTO</stat>
<stat pass="1" fail="0" skip="0">PUT_PRODUTO_ADM_FALSE</stat>
<stat pass="1" fail="0" skip="0">PUT_PRODUTO_NOME_REPETIDO</stat>
<stat pass="1" fail="0" skip="0">PUT_PRODUTO_SEM_ID</stat>
<stat pass="1" fail="0" skip="0">PUT_PRODUTO_TOKEN_INVALIDO</stat>
<stat pass="1" fail="0" skip="0">PUT_PRODUTO_TOKEN_USUARIO_EXCLUIDO</stat>
<stat pass="1" fail="0" skip="0">PUT_USUARIO</stat>
<stat pass="1" fail="0" skip="0">PUT_USUARIO_EMAIL_REPETIDO</stat>
<stat pass="1" fail="0" skip="0">PUT_USUARIO_SEM_ID</stat>
</tag>
<suite>
<stat pass="52" fail="0" skip="0" id="s1" name="Tests">Tests</stat>
<stat pass="18" fail="0" skip="0" id="s1-s1" name="Carrinhos Test">Tests.Carrinhos Test</stat>
<stat pass="4" fail="0" skip="0" id="s1-s2" name="Login Test">Tests.Login Test</stat>
<stat pass="19" fail="0" skip="0" id="s1-s3" name="Produtos Test">Tests.Produtos Test</stat>
<stat pass="11" fail="0" skip="0" id="s1-s4" name="User Test">Tests.User Test</stat>
</suite>
</statistics>
<errors>
</errors>
</robot>
